mode: atomic
github.com/tommed/ducto-orchestrator/cmd/ducto-orchestrator-cloudrun/main.go:9.13,11.16 2 0
github.com/tommed/ducto-orchestrator/cmd/ducto-orchestrator-cloudrun/main.go:11.16,12.13 1 0
github.com/tommed/ducto-orchestrator/cmd/ducto-orchestrator-cloudrun/main.go:14.2,14.71 1 0
github.com/tommed/ducto-orchestrator/cmd/ducto-orchestrator/main.go:9.13,11.2 1 0
github.com/tommed/ducto-orchestrator/cmd/ducto-orchestrator/main.go:9.13,11.2 1 0
github.com/tommed/ducto-orchestrator/cmd/ducto-orchestrator-cloudrun/main.go:9.13,11.16 2 0
github.com/tommed/ducto-orchestrator/cmd/ducto-orchestrator-cloudrun/main.go:11.16,12.13 1 0
github.com/tommed/ducto-orchestrator/cmd/ducto-orchestrator-cloudrun/main.go:14.2,14.71 1 0
github.com/tommed/ducto-orchestrator/internal/cli/runner.go:17.97,26.39 7 0
github.com/tommed/ducto-orchestrator/internal/cli/runner.go:26.39,29.3 2 0
github.com/tommed/ducto-orchestrator/internal/cli/runner.go:30.2,30.22 1 0
github.com/tommed/ducto-orchestrator/internal/cli/runner.go:30.22,32.3 1 0
github.com/tommed/ducto-orchestrator/internal/cli/runner.go:33.2,33.22 1 0
github.com/tommed/ducto-orchestrator/internal/cli/runner.go:33.22,36.3 2 0
github.com/tommed/ducto-orchestrator/internal/cli/runner.go:39.2,42.16 3 0
github.com/tommed/ducto-orchestrator/internal/cli/runner.go:42.16,45.3 2 0
github.com/tommed/ducto-orchestrator/internal/cli/runner.go:48.2,48.24 1 0
github.com/tommed/ducto-orchestrator/internal/cli/runner.go:48.24,51.3 2 0
github.com/tommed/ducto-orchestrator/internal/cli/runner.go:54.2,54.11 1 0
github.com/tommed/ducto-orchestrator/internal/cli/runner.go:54.11,56.3 1 0
github.com/tommed/ducto-orchestrator/internal/cli/runner.go:59.2,60.16 2 0
github.com/tommed/ducto-orchestrator/internal/cli/runner.go:60.16,63.3 2 0
github.com/tommed/ducto-orchestrator/internal/cli/runner.go:64.2,68.16 3 0
github.com/tommed/ducto-orchestrator/internal/cli/runner.go:68.16,71.3 2 0
github.com/tommed/ducto-orchestrator/internal/cli/runner.go:74.2,77.81 2 0
github.com/tommed/ducto-orchestrator/internal/cli/runner.go:77.81,80.3 2 0
github.com/tommed/ducto-orchestrator/internal/cli/runner.go:83.2,83.55 1 0
github.com/tommed/ducto-orchestrator/internal/cli/runner.go:83.55,86.3 2 0
github.com/tommed/ducto-orchestrator/internal/cli/runner.go:88.2,88.10 1 0
github.com/tommed/ducto-orchestrator/internal/cli/signal.go:10.64,12.2 1 0
github.com/tommed/ducto-orchestrator/internal/cli/signal.go:14.89,17.12 2 0
github.com/tommed/ducto-orchestrator/internal/cli/signal.go:17.12,20.3 2 0
github.com/tommed/ducto-orchestrator/internal/cli/signal.go:22.2,22.12 1 0
github.com/tommed/ducto-orchestrator/internal/config/config.go:27.40,29.2 1 0
github.com/tommed/ducto-orchestrator/internal/config/config.go:31.51,32.30 1 0
github.com/tommed/ducto-orchestrator/internal/config/config.go:32.30,34.3 1 0
github.com/tommed/ducto-orchestrator/internal/config/config.go:35.2,35.21 1 0
github.com/tommed/ducto-orchestrator/internal/config/config.go:35.21,37.3 1 0
github.com/tommed/ducto-orchestrator/internal/config/config.go:38.2,38.48 1 0
github.com/tommed/ducto-orchestrator/internal/config/config.go:45.60,51.16 3 3
github.com/tommed/ducto-orchestrator/internal/config/config.go:51.16,53.3 1 0
github.com/tommed/ducto-orchestrator/internal/config/config.go:54.2,54.40 1 3
github.com/tommed/ducto-orchestrator/internal/config/config.go:54.40,56.3 1 0
github.com/tommed/ducto-orchestrator/internal/config/config.go:57.2,57.43 1 3
github.com/tommed/ducto-orchestrator/internal/config/config.go:57.43,58.40 1 0
github.com/tommed/ducto-orchestrator/internal/config/config.go:58.40,60.4 1 0
github.com/tommed/ducto-orchestrator/internal/config/config.go:62.2,62.21 1 3
github.com/tommed/ducto-orchestrator/internal/config/fileloader.go:13.75,14.15 1 0
github.com/tommed/ducto-orchestrator/internal/config/fileloader.go:14.15,16.3 1 0
github.com/tommed/ducto-orchestrator/internal/config/fileloader.go:19.2,21.16 3 0
github.com/tommed/ducto-orchestrator/internal/config/fileloader.go:21.16,23.3 1 0
github.com/tommed/ducto-orchestrator/internal/config/fileloader.go:25.2,26.16 2 0
github.com/tommed/ducto-orchestrator/internal/config/fileloader.go:26.16,28.3 1 0
github.com/tommed/ducto-orchestrator/internal/config/fileloader.go:30.2,30.67 1 0
github.com/tommed/ducto-orchestrator/internal/config/fileloader.go:30.67,32.3 1 0
github.com/tommed/ducto-orchestrator/internal/config/fileloader.go:34.2,34.17 1 0
github.com/tommed/ducto-orchestrator/internal/config/gcsloader.go:19.37,21.16 2 0
github.com/tommed/ducto-orchestrator/internal/config/gcsloader.go:21.16,23.3 1 0
github.com/tommed/ducto-orchestrator/internal/config/gcsloader.go:24.2,24.40 1 0
github.com/tommed/ducto-orchestrator/internal/config/gcsloader.go:30.76,31.38 1 0
github.com/tommed/ducto-orchestrator/internal/config/gcsloader.go:31.38,33.3 1 0
github.com/tommed/ducto-orchestrator/internal/config/gcsloader.go:35.2,36.16 2 0
github.com/tommed/ducto-orchestrator/internal/config/gcsloader.go:36.16,38.3 1 0
github.com/tommed/ducto-orchestrator/internal/config/gcsloader.go:40.2,41.16 2 0
github.com/tommed/ducto-orchestrator/internal/config/gcsloader.go:41.16,43.3 1 0
github.com/tommed/ducto-orchestrator/internal/config/gcsloader.go:44.2,47.16 3 0
github.com/tommed/ducto-orchestrator/internal/config/gcsloader.go:47.16,49.3 1 0
github.com/tommed/ducto-orchestrator/internal/config/gcsloader.go:50.2,52.48 2 0
github.com/tommed/ducto-orchestrator/internal/config/gcsloader.go:52.48,54.3 1 0
github.com/tommed/ducto-orchestrator/internal/config/gcsloader.go:56.2,57.16 2 0
github.com/tommed/ducto-orchestrator/internal/config/gcsloader.go:57.16,59.3 1 0
github.com/tommed/ducto-orchestrator/internal/config/gcsloader.go:62.2,62.49 1 0
github.com/tommed/ducto-orchestrator/internal/config/gcsloader.go:62.49,64.17 2 0
github.com/tommed/ducto-orchestrator/internal/config/gcsloader.go:64.17,66.4 1 0
github.com/tommed/ducto-orchestrator/internal/config/gcsloader.go:68.3,69.17 2 0
github.com/tommed/ducto-orchestrator/internal/config/gcsloader.go:69.17,71.4 1 0
github.com/tommed/ducto-orchestrator/internal/config/gcsloader.go:72.3,75.17 3 0
github.com/tommed/ducto-orchestrator/internal/config/gcsloader.go:75.17,77.4 1 0
github.com/tommed/ducto-orchestrator/internal/config/gcsloader.go:78.3,80.50 2 0
github.com/tommed/ducto-orchestrator/internal/config/gcsloader.go:80.50,82.4 1 0
github.com/tommed/ducto-orchestrator/internal/config/gcsloader.go:84.3,84.35 1 0
github.com/tommed/ducto-orchestrator/internal/config/gcsloader.go:87.2,87.74 1 0
github.com/tommed/ducto-orchestrator/internal/config/gcsloader.go:87.74,89.3 1 0
github.com/tommed/ducto-orchestrator/internal/config/gcsloader.go:91.2,91.17 1 0
github.com/tommed/ducto-orchestrator/internal/config/gcsloader.go:94.65,96.21 2 0
github.com/tommed/ducto-orchestrator/internal/config/gcsloader.go:96.21,98.3 1 0
github.com/tommed/ducto-orchestrator/internal/config/gcsloader.go:99.2,99.32 1 0
github.com/tommed/ducto-orchestrator/internal/config/parse.go:15.48,17.16 2 0
github.com/tommed/ducto-orchestrator/internal/config/parse.go:17.16,19.3 1 0
github.com/tommed/ducto-orchestrator/internal/config/parse.go:21.2,22.9 2 0
github.com/tommed/ducto-orchestrator/internal/config/parse.go:23.40,24.35 1 0
github.com/tommed/ducto-orchestrator/internal/config/parse.go:25.73,26.35 1 0
github.com/tommed/ducto-orchestrator/internal/config/parse.go:27.10,28.67 1 0
github.com/tommed/ducto-orchestrator/internal/config/parse.go:30.2,30.16 1 0
github.com/tommed/ducto-orchestrator/internal/config/parse.go:30.16,32.3 1 0
github.com/tommed/ducto-orchestrator/internal/config/parse.go:34.2,34.18 1 0
github.com/tommed/ducto-orchestrator/internal/config/parse.go:38.56,41.24 2 0
github.com/tommed/ducto-orchestrator/internal/config/parse.go:41.24,43.3 1 0
github.com/tommed/ducto-orchestrator/internal/config/parse.go:45.2,45.27 1 0
github.com/tommed/ducto-orchestrator/internal/config/parse.go:45.27,47.32 2 0
github.com/tommed/ducto-orchestrator/internal/config/parse.go:47.32,49.4 1 0
github.com/tommed/ducto-orchestrator/internal/config/parse.go:50.3,51.17 2 0
github.com/tommed/ducto-orchestrator/internal/config/parse.go:51.17,53.4 1 0
github.com/tommed/ducto-orchestrator/internal/config/parse.go:54.3,56.13 3 0
github.com/tommed/ducto-orchestrator/internal/config/parse.go:59.2,59.59 1 0
github.com/tommed/ducto-orchestrator/internal/orchestrator/feature_flags_store.go:15.105,17.9 2 0
github.com/tommed/ducto-orchestrator/internal/orchestrator/feature_flags_store.go:17.9,19.3 1 0
github.com/tommed/ducto-orchestrator/internal/orchestrator/feature_flags_store.go:21.2,22.20 2 0
github.com/tommed/ducto-orchestrator/internal/orchestrator/feature_flags_store.go:25.14,27.10 2 0
github.com/tommed/ducto-orchestrator/internal/orchestrator/feature_flags_store.go:27.10,29.4 1 0
github.com/tommed/ducto-orchestrator/internal/orchestrator/feature_flags_store.go:30.3,31.43 2 0
github.com/tommed/ducto-orchestrator/internal/orchestrator/feature_flags_store.go:34.14,36.17 2 0
github.com/tommed/ducto-orchestrator/internal/orchestrator/feature_flags_store.go:36.17,38.4 1 0
github.com/tommed/ducto-orchestrator/internal/orchestrator/feature_flags_store.go:39.3,39.41 1 0
github.com/tommed/ducto-orchestrator/internal/orchestrator/feature_flags_store.go:39.41,41.4 1 0
github.com/tommed/ducto-orchestrator/internal/orchestrator/feature_flags_store.go:42.3,42.82 1 0
github.com/tommed/ducto-orchestrator/internal/orchestrator/feature_flags_store.go:45.10,46.95 1 0
github.com/tommed/ducto-orchestrator/internal/orchestrator/feature_flags_store.go:50.2,50.52 1 0
github.com/tommed/ducto-orchestrator/internal/orchestrator/feature_flags_store.go:61.49,62.22 1 0
github.com/tommed/ducto-orchestrator/internal/orchestrator/feature_flags_store.go:62.22,64.3 1 0
github.com/tommed/ducto-orchestrator/internal/orchestrator/feature_flags_store.go:65.2,65.23 1 0
github.com/tommed/ducto-orchestrator/internal/orchestrator/feature_flags_store.go:68.63,70.2 1 0
github.com/tommed/ducto-orchestrator/internal/orchestrator/feature_flags_store.go:72.51,73.17 1 0
github.com/tommed/ducto-orchestrator/internal/orchestrator/feature_flags_store.go:73.17,75.3 1 0
github.com/tommed/ducto-orchestrator/internal/orchestrator/feature_flags_store.go:76.2,76.36 1 0
github.com/tommed/ducto-orchestrator/internal/orchestrator/feature_flags_store.go:76.36,78.3 1 0
github.com/tommed/ducto-orchestrator/internal/orchestrator/feature_flags_store.go:79.2,79.12 1 0
github.com/tommed/ducto-orchestrator/internal/orchestrator/flag_injector.go:19.86,21.2 1 1
github.com/tommed/ducto-orchestrator/internal/orchestrator/flag_injector.go:23.87,25.38 2 1
github.com/tommed/ducto-orchestrator/internal/orchestrator/flag_injector.go:25.38,27.3 1 1
github.com/tommed/ducto-orchestrator/internal/orchestrator/flag_injector.go:29.2,30.12 2 1
github.com/tommed/ducto-orchestrator/internal/orchestrator/orchestrator.go:17.64,22.2 1 3
github.com/tommed/ducto-orchestrator/internal/orchestrator/orchestrator.go:24.56,26.2 1 1
github.com/tommed/ducto-orchestrator/internal/orchestrator/orchestrator.go:28.116,32.16 2 5
github.com/tommed/ducto-orchestrator/internal/orchestrator/orchestrator.go:32.16,34.3 1 1
github.com/tommed/ducto-orchestrator/internal/orchestrator/orchestrator.go:37.2,37.41 1 4
github.com/tommed/ducto-orchestrator/internal/orchestrator/orchestrator.go:37.41,39.3 1 4
github.com/tommed/ducto-orchestrator/internal/orchestrator/orchestrator.go:41.2,41.6 1 4
github.com/tommed/ducto-orchestrator/internal/orchestrator/orchestrator.go:41.6,42.10 1 5
github.com/tommed/ducto-orchestrator/internal/orchestrator/orchestrator.go:43.21,44.20 1 1
github.com/tommed/ducto-orchestrator/internal/orchestrator/orchestrator.go:46.28,47.11 1 4
github.com/tommed/ducto-orchestrator/internal/orchestrator/orchestrator.go:47.11,49.5 1 1
github.com/tommed/ducto-orchestrator/internal/orchestrator/orchestrator.go:51.4,51.54 1 3
github.com/tommed/ducto-orchestrator/internal/orchestrator/orchestrator.go:51.54,53.5 1 2
github.com/tommed/ducto-orchestrator/internal/orchestrator/orchestrator.go:58.118,65.36 2 5
github.com/tommed/ducto-orchestrator/internal/orchestrator/orchestrator.go:65.36,66.47 1 1
github.com/tommed/ducto-orchestrator/internal/orchestrator/orchestrator.go:66.47,68.4 1 0
github.com/tommed/ducto-orchestrator/internal/orchestrator/orchestrator.go:72.2,73.16 2 5
github.com/tommed/ducto-orchestrator/internal/orchestrator/orchestrator.go:73.16,75.3 1 1
github.com/tommed/ducto-orchestrator/internal/orchestrator/orchestrator.go:76.2,76.19 1 4
github.com/tommed/ducto-orchestrator/internal/orchestrator/orchestrator.go:76.19,79.3 1 0
github.com/tommed/ducto-orchestrator/internal/orchestrator/orchestrator.go:82.2,82.56 1 4
github.com/tommed/ducto-orchestrator/internal/orchestrator/orchestrator.go:82.56,84.3 1 1
github.com/tommed/ducto-orchestrator/internal/orchestrator/orchestrator.go:86.2,86.12 1 3
github.com/tommed/ducto-orchestrator/internal/orchestrator/pre_flaginjector.go:10.104,12.16 2 1
github.com/tommed/ducto-orchestrator/internal/orchestrator/pre_flaginjector.go:12.16,14.3 1 0
github.com/tommed/ducto-orchestrator/internal/orchestrator/pre_flaginjector.go:16.2,17.9 2 1
github.com/tommed/ducto-orchestrator/internal/orchestrator/pre_flaginjector.go:20.28,22.17 2 0
github.com/tommed/ducto-orchestrator/internal/orchestrator/pre_flaginjector.go:22.17,24.4 1 0
github.com/tommed/ducto-orchestrator/internal/orchestrator/pre_flaginjector.go:25.3,26.17 2 0
github.com/tommed/ducto-orchestrator/internal/orchestrator/pre_flaginjector.go:26.17,28.4 1 0
github.com/tommed/ducto-orchestrator/internal/orchestrator/pre_flaginjector.go:29.3,29.25 1 0
github.com/tommed/ducto-orchestrator/internal/orchestrator/pre_flaginjector.go:32.25,33.39 1 1
github.com/tommed/ducto-orchestrator/internal/orchestrator/pre_flaginjector.go:36.10,37.95 1 0
github.com/tommed/ducto-orchestrator/internal/orchestrator/pre_flaginjector.go:40.2,40.47 1 1
github.com/tommed/ducto-orchestrator/internal/orchestrator/preprocessor.go:14.118,15.38 1 2
github.com/tommed/ducto-orchestrator/internal/orchestrator/preprocessor.go:15.38,16.21 1 1
github.com/tommed/ducto-orchestrator/internal/orchestrator/preprocessor.go:17.24,19.18 2 1
github.com/tommed/ducto-orchestrator/internal/orchestrator/preprocessor.go:19.18,21.5 1 0
github.com/tommed/ducto-orchestrator/internal/orchestrator/preprocessor.go:22.4,22.24 1 1
github.com/tommed/ducto-orchestrator/internal/orchestrator/preprocessor.go:23.11,24.66 1 0
github.com/tommed/ducto-orchestrator/internal/orchestrator/preprocessor.go:27.2,27.12 1 2
github.com/tommed/ducto-orchestrator/internal/outputs/http.go:28.43,29.20 1 0
github.com/tommed/ducto-orchestrator/internal/outputs/http.go:29.20,31.3 1 0
github.com/tommed/ducto-orchestrator/internal/outputs/http.go:32.2,32.23 1 0
github.com/tommed/ducto-orchestrator/internal/outputs/http.go:32.23,34.3 1 0
github.com/tommed/ducto-orchestrator/internal/outputs/http.go:35.2,35.28 1 0
github.com/tommed/ducto-orchestrator/internal/outputs/http.go:35.28,37.3 1 0
github.com/tommed/ducto-orchestrator/internal/outputs/http.go:38.2,38.12 1 0
github.com/tommed/ducto-orchestrator/internal/outputs/http.go:46.51,50.2 1 0
github.com/tommed/ducto-orchestrator/internal/outputs/http.go:53.82,58.2 1 0
github.com/tommed/ducto-orchestrator/internal/outputs/http.go:61.91,63.16 2 0
github.com/tommed/ducto-orchestrator/internal/outputs/http.go:63.16,65.3 1 0
github.com/tommed/ducto-orchestrator/internal/outputs/http.go:68.2,69.16 2 0
github.com/tommed/ducto-orchestrator/internal/outputs/http.go:69.16,71.3 1 0
github.com/tommed/ducto-orchestrator/internal/outputs/http.go:74.2,74.35 1 0
github.com/tommed/ducto-orchestrator/internal/outputs/http.go:74.35,76.3 1 0
github.com/tommed/ducto-orchestrator/internal/outputs/http.go:79.2,80.27 2 0
github.com/tommed/ducto-orchestrator/internal/outputs/http.go:80.27,82.3 1 0
github.com/tommed/ducto-orchestrator/internal/outputs/http.go:83.2,83.17 1 0
github.com/tommed/ducto-orchestrator/internal/outputs/http.go:83.17,85.22 2 0
github.com/tommed/ducto-orchestrator/internal/outputs/http.go:85.22,87.4 1 0
github.com/tommed/ducto-orchestrator/internal/outputs/http.go:88.3,88.74 1 0
github.com/tommed/ducto-orchestrator/internal/outputs/http.go:92.2,96.16 3 0
github.com/tommed/ducto-orchestrator/internal/outputs/http.go:96.16,98.3 1 0
github.com/tommed/ducto-orchestrator/internal/outputs/http.go:101.2,104.79 2 0
github.com/tommed/ducto-orchestrator/internal/outputs/http.go:104.79,106.3 1 0
github.com/tommed/ducto-orchestrator/internal/outputs/http.go:108.2,108.12 1 0
github.com/tommed/ducto-orchestrator/internal/outputs/plugin.go:11.104,12.20 1 0
github.com/tommed/ducto-orchestrator/internal/outputs/plugin.go:13.16,15.17 2 0
github.com/tommed/ducto-orchestrator/internal/outputs/plugin.go:15.17,17.4 1 0
github.com/tommed/ducto-orchestrator/internal/outputs/plugin.go:18.3,18.45 1 0
github.com/tommed/ducto-orchestrator/internal/outputs/plugin.go:20.14,22.17 2 0
github.com/tommed/ducto-orchestrator/internal/outputs/plugin.go:22.17,24.4 1 0
github.com/tommed/ducto-orchestrator/internal/outputs/plugin.go:25.3,25.35 1 0
github.com/tommed/ducto-orchestrator/internal/outputs/plugin.go:27.16,29.17 2 0
github.com/tommed/ducto-orchestrator/internal/outputs/plugin.go:29.17,31.4 1 0
github.com/tommed/ducto-orchestrator/internal/outputs/plugin.go:32.3,32.37 1 0
github.com/tommed/ducto-orchestrator/internal/outputs/plugin.go:34.10,35.68 1 0
github.com/tommed/ducto-orchestrator/internal/outputs/pubsub.go:21.42,22.19 1 0
github.com/tommed/ducto-orchestrator/internal/outputs/pubsub.go:22.19,24.3 1 0
github.com/tommed/ducto-orchestrator/internal/outputs/pubsub.go:25.2,25.20 1 0
github.com/tommed/ducto-orchestrator/internal/outputs/pubsub.go:25.20,27.3 1 0
github.com/tommed/ducto-orchestrator/internal/outputs/pubsub.go:28.2,28.19 1 0
github.com/tommed/ducto-orchestrator/internal/outputs/pubsub.go:28.19,30.3 1 0
github.com/tommed/ducto-orchestrator/internal/outputs/pubsub.go:31.2,31.31 1 0
github.com/tommed/ducto-orchestrator/internal/outputs/pubsub.go:31.31,33.3 1 0
github.com/tommed/ducto-orchestrator/internal/outputs/pubsub.go:34.2,34.50 1 0
github.com/tommed/ducto-orchestrator/internal/outputs/pubsub.go:34.50,36.3 1 0
github.com/tommed/ducto-orchestrator/internal/outputs/pubsub.go:37.2,38.70 2 0
github.com/tommed/ducto-orchestrator/internal/outputs/pubsub.go:38.70,40.3 1 0
github.com/tommed/ducto-orchestrator/internal/outputs/pubsub.go:41.2,41.12 1 0
github.com/tommed/ducto-orchestrator/internal/outputs/pubsub.go:44.85,49.16 5 0
github.com/tommed/ducto-orchestrator/internal/outputs/pubsub.go:49.16,51.3 1 0
github.com/tommed/ducto-orchestrator/internal/outputs/pubsub.go:53.2,56.23 3 0
github.com/tommed/ducto-orchestrator/internal/outputs/pubsub.go:56.23,58.3 1 0
github.com/tommed/ducto-orchestrator/internal/outputs/pubsub.go:60.2,64.8 1 0
github.com/tommed/ducto-orchestrator/internal/outputs/pubsub.go:74.98,79.16 4 0
github.com/tommed/ducto-orchestrator/internal/outputs/pubsub.go:79.16,81.3 1 0
github.com/tommed/ducto-orchestrator/internal/outputs/pubsub.go:83.2,88.40 2 0
github.com/tommed/ducto-orchestrator/internal/outputs/pubsub.go:88.40,90.53 2 0
github.com/tommed/ducto-orchestrator/internal/outputs/pubsub.go:90.53,91.35 1 0
github.com/tommed/ducto-orchestrator/internal/outputs/pubsub.go:91.35,93.5 1 0
github.com/tommed/ducto-orchestrator/internal/outputs/pubsub.go:98.2,98.35 1 0
github.com/tommed/ducto-orchestrator/internal/outputs/pubsub.go:98.35,99.52 1 0
github.com/tommed/ducto-orchestrator/internal/outputs/pubsub.go:99.52,101.4 1 0
github.com/tommed/ducto-orchestrator/internal/outputs/pubsub.go:105.2,107.12 3 0
github.com/tommed/ducto-orchestrator/internal/outputs/stdout.go:18.73,20.2 1 0
github.com/tommed/ducto-orchestrator/internal/outputs/stdout.go:22.90,24.19 2 0
github.com/tommed/ducto-orchestrator/internal/outputs/stdout.go:24.19,26.3 1 0
github.com/tommed/ducto-orchestrator/internal/outputs/stdout.go:27.2,27.29 1 0
github.com/tommed/ducto-orchestrator/internal/sources/http.go:18.43,19.17 1 0
github.com/tommed/ducto-orchestrator/internal/sources/http.go:19.17,21.17 2 0
github.com/tommed/ducto-orchestrator/internal/sources/http.go:21.17,23.4 1 0
github.com/tommed/ducto-orchestrator/internal/sources/http.go:24.3,24.46 1 0
github.com/tommed/ducto-orchestrator/internal/sources/http.go:26.2,26.21 1 0
github.com/tommed/ducto-orchestrator/internal/sources/http.go:26.21,28.3 1 0
github.com/tommed/ducto-orchestrator/internal/sources/http.go:29.2,29.12 1 0
github.com/tommed/ducto-orchestrator/internal/sources/http.go:39.55,45.2 1 0
github.com/tommed/ducto-orchestrator/internal/sources/http.go:47.93,51.67 2 0
github.com/tommed/ducto-orchestrator/internal/sources/http.go:51.67,56.64 3 0
github.com/tommed/ducto-orchestrator/internal/sources/http.go:56.64,59.4 2 0
github.com/tommed/ducto-orchestrator/internal/sources/http.go:61.3,61.28 1 0
github.com/tommed/ducto-orchestrator/internal/sources/http.go:61.28,69.4 1 0
github.com/tommed/ducto-orchestrator/internal/sources/http.go:71.3,71.10 1 0
github.com/tommed/ducto-orchestrator/internal/sources/http.go:72.26,74.9 2 0
github.com/tommed/ducto-orchestrator/internal/sources/http.go:75.11,76.68 1 0
github.com/tommed/ducto-orchestrator/internal/sources/http.go:81.2,85.12 2 0
github.com/tommed/ducto-orchestrator/internal/sources/http.go:85.12,88.3 2 0
github.com/tommed/ducto-orchestrator/internal/sources/http.go:90.2,90.12 1 0
github.com/tommed/ducto-orchestrator/internal/sources/http.go:90.12,92.3 1 0
github.com/tommed/ducto-orchestrator/internal/sources/http.go:94.2,94.12 1 0
github.com/tommed/ducto-orchestrator/internal/sources/http.go:94.12,98.3 3 0
github.com/tommed/ducto-orchestrator/internal/sources/http.go:100.2,100.22 1 0
github.com/tommed/ducto-orchestrator/internal/sources/http.go:103.41,105.2 1 0
github.com/tommed/ducto-orchestrator/internal/sources/input.go:19.59,25.2 2 3
github.com/tommed/ducto-orchestrator/internal/sources/input.go:27.76,29.2 1 3
github.com/tommed/ducto-orchestrator/internal/sources/input.go:31.93,32.29 1 3
github.com/tommed/ducto-orchestrator/internal/sources/input.go:32.29,34.3 1 3
github.com/tommed/ducto-orchestrator/internal/sources/input.go:35.2,36.22 2 3
github.com/tommed/ducto-orchestrator/internal/sources/input.go:39.43,41.2 1 5
github.com/tommed/ducto-orchestrator/internal/sources/input.go:47.49,49.2 1 1
github.com/tommed/ducto-orchestrator/internal/sources/input.go:51.94,53.2 1 1
github.com/tommed/ducto-orchestrator/internal/sources/input.go:55.42,57.2 1 1
github.com/tommed/ducto-orchestrator/internal/sources/plugin.go:11.100,12.20 1 0
github.com/tommed/ducto-orchestrator/internal/sources/plugin.go:13.15,14.41 1 0
github.com/tommed/ducto-orchestrator/internal/sources/plugin.go:16.16,18.17 2 0
github.com/tommed/ducto-orchestrator/internal/sources/plugin.go:18.17,20.4 1 0
github.com/tommed/ducto-orchestrator/internal/sources/plugin.go:21.3,21.42 1 0
github.com/tommed/ducto-orchestrator/internal/sources/plugin.go:23.14,25.17 2 0
github.com/tommed/ducto-orchestrator/internal/sources/plugin.go:25.17,27.4 1 0
github.com/tommed/ducto-orchestrator/internal/sources/plugin.go:28.3,28.40 1 0
github.com/tommed/ducto-orchestrator/internal/sources/plugin.go:30.10,31.68 1 0
github.com/tommed/ducto-orchestrator/internal/sources/stdin.go:14.55,18.2 1 0
github.com/tommed/ducto-orchestrator/internal/sources/stdin.go:21.94,25.47 3 0
github.com/tommed/ducto-orchestrator/internal/sources/stdin.go:25.47,27.3 1 0
github.com/tommed/ducto-orchestrator/internal/sources/stdin.go:30.2,30.50 1 0
github.com/tommed/ducto-orchestrator/internal/sources/stdin.go:33.42,34.39 1 0
github.com/tommed/ducto-orchestrator/internal/sources/stdin.go:34.39,36.3 1 0
github.com/tommed/ducto-orchestrator/internal/sources/stdin.go:37.2,37.12 1 0
github.com/tommed/ducto-orchestrator/cmd/ducto-orchestrator/main.go:9.13,11.2 1 0
github.com/tommed/ducto-orchestrator/cmd/ducto-orchestrator-cloudrun/main.go:9.13,11.16 2 0
github.com/tommed/ducto-orchestrator/cmd/ducto-orchestrator-cloudrun/main.go:11.16,12.13 1 0
github.com/tommed/ducto-orchestrator/cmd/ducto-orchestrator-cloudrun/main.go:14.2,14.71 1 0
github.com/tommed/ducto-orchestrator/internal/cli/runner.go:17.97,26.39 7 0
github.com/tommed/ducto-orchestrator/internal/cli/runner.go:26.39,29.3 2 0
github.com/tommed/ducto-orchestrator/internal/cli/runner.go:30.2,30.22 1 0
github.com/tommed/ducto-orchestrator/internal/cli/runner.go:30.22,32.3 1 0
github.com/tommed/ducto-orchestrator/internal/cli/runner.go:33.2,33.22 1 0
github.com/tommed/ducto-orchestrator/internal/cli/runner.go:33.22,36.3 2 0
github.com/tommed/ducto-orchestrator/internal/cli/runner.go:39.2,42.16 3 0
github.com/tommed/ducto-orchestrator/internal/cli/runner.go:42.16,45.3 2 0
github.com/tommed/ducto-orchestrator/internal/cli/runner.go:48.2,48.24 1 0
github.com/tommed/ducto-orchestrator/internal/cli/runner.go:48.24,51.3 2 0
github.com/tommed/ducto-orchestrator/internal/cli/runner.go:54.2,54.11 1 0
github.com/tommed/ducto-orchestrator/internal/cli/runner.go:54.11,56.3 1 0
github.com/tommed/ducto-orchestrator/internal/cli/runner.go:59.2,60.16 2 0
github.com/tommed/ducto-orchestrator/internal/cli/runner.go:60.16,63.3 2 0
github.com/tommed/ducto-orchestrator/internal/cli/runner.go:64.2,68.16 3 0
github.com/tommed/ducto-orchestrator/internal/cli/runner.go:68.16,71.3 2 0
github.com/tommed/ducto-orchestrator/internal/cli/runner.go:74.2,77.81 2 0
github.com/tommed/ducto-orchestrator/internal/cli/runner.go:77.81,80.3 2 0
github.com/tommed/ducto-orchestrator/internal/cli/runner.go:83.2,83.55 1 0
github.com/tommed/ducto-orchestrator/internal/cli/runner.go:83.55,86.3 2 0
github.com/tommed/ducto-orchestrator/internal/cli/runner.go:88.2,88.10 1 0
github.com/tommed/ducto-orchestrator/internal/cli/signal.go:10.64,12.2 1 0
github.com/tommed/ducto-orchestrator/internal/cli/signal.go:14.89,17.12 2 0
github.com/tommed/ducto-orchestrator/internal/cli/signal.go:17.12,20.3 2 0
github.com/tommed/ducto-orchestrator/internal/cli/signal.go:22.2,22.12 1 0
github.com/tommed/ducto-orchestrator/internal/config/config.go:27.40,29.2 1 4
github.com/tommed/ducto-orchestrator/internal/config/config.go:31.51,32.30 1 0
github.com/tommed/ducto-orchestrator/internal/config/config.go:32.30,34.3 1 0
github.com/tommed/ducto-orchestrator/internal/config/config.go:35.2,35.21 1 0
github.com/tommed/ducto-orchestrator/internal/config/config.go:35.21,37.3 1 0
github.com/tommed/ducto-orchestrator/internal/config/config.go:38.2,38.48 1 0
github.com/tommed/ducto-orchestrator/internal/config/config.go:45.60,51.16 3 2
github.com/tommed/ducto-orchestrator/internal/config/config.go:51.16,53.3 1 0
github.com/tommed/ducto-orchestrator/internal/config/config.go:54.2,54.40 1 2
github.com/tommed/ducto-orchestrator/internal/config/config.go:54.40,56.3 1 1
github.com/tommed/ducto-orchestrator/internal/config/config.go:57.2,57.43 1 1
github.com/tommed/ducto-orchestrator/internal/config/config.go:57.43,58.40 1 0
github.com/tommed/ducto-orchestrator/internal/config/config.go:58.40,60.4 1 0
github.com/tommed/ducto-orchestrator/internal/config/config.go:62.2,62.21 1 1
github.com/tommed/ducto-orchestrator/internal/config/fileloader.go:13.75,14.15 1 2
github.com/tommed/ducto-orchestrator/internal/config/fileloader.go:14.15,16.3 1 1
github.com/tommed/ducto-orchestrator/internal/config/fileloader.go:19.2,21.16 3 1
github.com/tommed/ducto-orchestrator/internal/config/fileloader.go:21.16,23.3 1 0
github.com/tommed/ducto-orchestrator/internal/config/fileloader.go:25.2,26.16 2 1
github.com/tommed/ducto-orchestrator/internal/config/fileloader.go:26.16,28.3 1 0
github.com/tommed/ducto-orchestrator/internal/config/fileloader.go:30.2,30.67 1 1
github.com/tommed/ducto-orchestrator/internal/config/fileloader.go:30.67,32.3 1 0
github.com/tommed/ducto-orchestrator/internal/config/fileloader.go:34.2,34.17 1 1
github.com/tommed/ducto-orchestrator/internal/config/gcsloader.go:19.37,21.16 2 1
github.com/tommed/ducto-orchestrator/internal/config/gcsloader.go:21.16,23.3 1 0
github.com/tommed/ducto-orchestrator/internal/config/gcsloader.go:24.2,24.40 1 1
github.com/tommed/ducto-orchestrator/internal/config/gcsloader.go:30.76,31.38 1 3
github.com/tommed/ducto-orchestrator/internal/config/gcsloader.go:31.38,33.3 1 1
github.com/tommed/ducto-orchestrator/internal/config/gcsloader.go:35.2,36.16 2 2
github.com/tommed/ducto-orchestrator/internal/config/gcsloader.go:36.16,38.3 1 1
github.com/tommed/ducto-orchestrator/internal/config/gcsloader.go:40.2,41.16 2 1
github.com/tommed/ducto-orchestrator/internal/config/gcsloader.go:41.16,43.3 1 0
github.com/tommed/ducto-orchestrator/internal/config/gcsloader.go:44.2,47.16 3 1
github.com/tommed/ducto-orchestrator/internal/config/gcsloader.go:47.16,49.3 1 0
github.com/tommed/ducto-orchestrator/internal/config/gcsloader.go:50.2,52.48 2 1
github.com/tommed/ducto-orchestrator/internal/config/gcsloader.go:52.48,54.3 1 0
github.com/tommed/ducto-orchestrator/internal/config/gcsloader.go:56.2,57.16 2 1
github.com/tommed/ducto-orchestrator/internal/config/gcsloader.go:57.16,59.3 1 0
github.com/tommed/ducto-orchestrator/internal/config/gcsloader.go:62.2,62.49 1 1
github.com/tommed/ducto-orchestrator/internal/config/gcsloader.go:62.49,64.17 2 1
github.com/tommed/ducto-orchestrator/internal/config/gcsloader.go:64.17,66.4 1 0
github.com/tommed/ducto-orchestrator/internal/config/gcsloader.go:68.3,69.17 2 1
github.com/tommed/ducto-orchestrator/internal/config/gcsloader.go:69.17,71.4 1 0
github.com/tommed/ducto-orchestrator/internal/config/gcsloader.go:72.3,75.17 3 1
github.com/tommed/ducto-orchestrator/internal/config/gcsloader.go:75.17,77.4 1 0
github.com/tommed/ducto-orchestrator/internal/config/gcsloader.go:78.3,80.50 2 1
github.com/tommed/ducto-orchestrator/internal/config/gcsloader.go:80.50,82.4 1 0
github.com/tommed/ducto-orchestrator/internal/config/gcsloader.go:84.3,84.35 1 1
github.com/tommed/ducto-orchestrator/internal/config/gcsloader.go:87.2,87.74 1 1
github.com/tommed/ducto-orchestrator/internal/config/gcsloader.go:87.74,89.3 1 0
github.com/tommed/ducto-orchestrator/internal/config/gcsloader.go:91.2,91.17 1 1
github.com/tommed/ducto-orchestrator/internal/config/gcsloader.go:94.65,96.21 2 3
github.com/tommed/ducto-orchestrator/internal/config/gcsloader.go:96.21,98.3 1 1
github.com/tommed/ducto-orchestrator/internal/config/gcsloader.go:99.2,99.32 1 2
github.com/tommed/ducto-orchestrator/internal/config/parse.go:15.48,17.16 2 7
github.com/tommed/ducto-orchestrator/internal/config/parse.go:17.16,19.3 1 1
github.com/tommed/ducto-orchestrator/internal/config/parse.go:21.2,22.9 2 6
github.com/tommed/ducto-orchestrator/internal/config/parse.go:23.40,24.35 1 1
github.com/tommed/ducto-orchestrator/internal/config/parse.go:25.73,26.35 1 4
github.com/tommed/ducto-orchestrator/internal/config/parse.go:27.10,28.67 1 1
github.com/tommed/ducto-orchestrator/internal/config/parse.go:30.2,30.16 1 5
github.com/tommed/ducto-orchestrator/internal/config/parse.go:30.16,32.3 1 1
github.com/tommed/ducto-orchestrator/internal/config/parse.go:34.2,34.18 1 4
github.com/tommed/ducto-orchestrator/internal/config/parse.go:38.56,41.24 2 4
github.com/tommed/ducto-orchestrator/internal/config/parse.go:41.24,43.3 1 1
github.com/tommed/ducto-orchestrator/internal/config/parse.go:45.2,45.27 1 3
github.com/tommed/ducto-orchestrator/internal/config/parse.go:45.27,47.32 2 3
github.com/tommed/ducto-orchestrator/internal/config/parse.go:47.32,49.4 1 2
github.com/tommed/ducto-orchestrator/internal/config/parse.go:50.3,51.17 2 3
github.com/tommed/ducto-orchestrator/internal/config/parse.go:51.17,53.4 1 1
github.com/tommed/ducto-orchestrator/internal/config/parse.go:54.3,56.13 3 2
github.com/tommed/ducto-orchestrator/internal/config/parse.go:59.2,59.59 1 0
github.com/tommed/ducto-orchestrator/internal/orchestrator/feature_flags_store.go:15.105,17.9 2 0
github.com/tommed/ducto-orchestrator/internal/orchestrator/feature_flags_store.go:17.9,19.3 1 0
github.com/tommed/ducto-orchestrator/internal/orchestrator/feature_flags_store.go:21.2,22.20 2 0
github.com/tommed/ducto-orchestrator/internal/orchestrator/feature_flags_store.go:25.14,27.10 2 0
github.com/tommed/ducto-orchestrator/internal/orchestrator/feature_flags_store.go:27.10,29.4 1 0
github.com/tommed/ducto-orchestrator/internal/orchestrator/feature_flags_store.go:30.3,31.43 2 0
github.com/tommed/ducto-orchestrator/internal/orchestrator/feature_flags_store.go:34.14,36.17 2 0
github.com/tommed/ducto-orchestrator/internal/orchestrator/feature_flags_store.go:36.17,38.4 1 0
github.com/tommed/ducto-orchestrator/internal/orchestrator/feature_flags_store.go:39.3,39.41 1 0
github.com/tommed/ducto-orchestrator/internal/orchestrator/feature_flags_store.go:39.41,41.4 1 0
github.com/tommed/ducto-orchestrator/internal/orchestrator/feature_flags_store.go:42.3,42.82 1 0
github.com/tommed/ducto-orchestrator/internal/orchestrator/feature_flags_store.go:45.10,46.95 1 0
github.com/tommed/ducto-orchestrator/internal/orchestrator/feature_flags_store.go:50.2,50.52 1 0
github.com/tommed/ducto-orchestrator/internal/orchestrator/feature_flags_store.go:61.49,62.22 1 0
github.com/tommed/ducto-orchestrator/internal/orchestrator/feature_flags_store.go:62.22,64.3 1 0
github.com/tommed/ducto-orchestrator/internal/orchestrator/feature_flags_store.go:65.2,65.23 1 0
github.com/tommed/ducto-orchestrator/internal/orchestrator/feature_flags_store.go:68.63,70.2 1 0
github.com/tommed/ducto-orchestrator/internal/orchestrator/feature_flags_store.go:72.51,73.17 1 0
github.com/tommed/ducto-orchestrator/internal/orchestrator/feature_flags_store.go:73.17,75.3 1 0
github.com/tommed/ducto-orchestrator/internal/orchestrator/feature_flags_store.go:76.2,76.36 1 0
github.com/tommed/ducto-orchestrator/internal/orchestrator/feature_flags_store.go:76.36,78.3 1 0
github.com/tommed/ducto-orchestrator/internal/orchestrator/feature_flags_store.go:79.2,79.12 1 0
github.com/tommed/ducto-orchestrator/internal/orchestrator/flag_injector.go:19.86,21.2 1 0
github.com/tommed/ducto-orchestrator/internal/orchestrator/flag_injector.go:23.87,25.38 2 0
github.com/tommed/ducto-orchestrator/internal/orchestrator/flag_injector.go:25.38,27.3 1 0
github.com/tommed/ducto-orchestrator/internal/orchestrator/flag_injector.go:29.2,30.12 2 0
github.com/tommed/ducto-orchestrator/internal/orchestrator/orchestrator.go:17.64,22.2 1 0
github.com/tommed/ducto-orchestrator/internal/orchestrator/orchestrator.go:24.56,26.2 1 0
github.com/tommed/ducto-orchestrator/internal/orchestrator/orchestrator.go:28.116,32.16 2 0
github.com/tommed/ducto-orchestrator/internal/orchestrator/orchestrator.go:32.16,34.3 1 0
github.com/tommed/ducto-orchestrator/internal/orchestrator/orchestrator.go:37.2,37.41 1 0
github.com/tommed/ducto-orchestrator/internal/orchestrator/orchestrator.go:37.41,39.3 1 0
github.com/tommed/ducto-orchestrator/internal/orchestrator/orchestrator.go:41.2,41.6 1 0
github.com/tommed/ducto-orchestrator/internal/orchestrator/orchestrator.go:41.6,42.10 1 0
github.com/tommed/ducto-orchestrator/internal/orchestrator/orchestrator.go:43.21,44.20 1 0
github.com/tommed/ducto-orchestrator/internal/orchestrator/orchestrator.go:46.28,47.11 1 0
github.com/tommed/ducto-orchestrator/internal/orchestrator/orchestrator.go:47.11,49.5 1 0
github.com/tommed/ducto-orchestrator/internal/orchestrator/orchestrator.go:51.4,51.54 1 0
github.com/tommed/ducto-orchestrator/internal/orchestrator/orchestrator.go:51.54,53.5 1 0
github.com/tommed/ducto-orchestrator/internal/orchestrator/orchestrator.go:58.118,65.36 2 0
github.com/tommed/ducto-orchestrator/internal/orchestrator/orchestrator.go:65.36,66.47 1 0
github.com/tommed/ducto-orchestrator/internal/orchestrator/orchestrator.go:66.47,68.4 1 0
github.com/tommed/ducto-orchestrator/internal/orchestrator/orchestrator.go:72.2,73.16 2 0
github.com/tommed/ducto-orchestrator/internal/orchestrator/orchestrator.go:73.16,75.3 1 0
github.com/tommed/ducto-orchestrator/internal/orchestrator/orchestrator.go:76.2,76.19 1 0
github.com/tommed/ducto-orchestrator/internal/orchestrator/orchestrator.go:76.19,79.3 1 0
github.com/tommed/ducto-orchestrator/internal/orchestrator/orchestrator.go:82.2,82.56 1 0
github.com/tommed/ducto-orchestrator/internal/orchestrator/orchestrator.go:82.56,84.3 1 0
github.com/tommed/ducto-orchestrator/internal/orchestrator/orchestrator.go:86.2,86.12 1 0
github.com/tommed/ducto-orchestrator/internal/orchestrator/pre_flaginjector.go:10.104,12.16 2 0
github.com/tommed/ducto-orchestrator/internal/orchestrator/pre_flaginjector.go:12.16,14.3 1 0
github.com/tommed/ducto-orchestrator/internal/orchestrator/pre_flaginjector.go:16.2,17.9 2 0
github.com/tommed/ducto-orchestrator/internal/orchestrator/pre_flaginjector.go:20.28,22.17 2 0
github.com/tommed/ducto-orchestrator/internal/orchestrator/pre_flaginjector.go:22.17,24.4 1 0
github.com/tommed/ducto-orchestrator/internal/orchestrator/pre_flaginjector.go:25.3,26.17 2 0
github.com/tommed/ducto-orchestrator/internal/orchestrator/pre_flaginjector.go:26.17,28.4 1 0
github.com/tommed/ducto-orchestrator/internal/orchestrator/pre_flaginjector.go:29.3,29.25 1 0
github.com/tommed/ducto-orchestrator/internal/orchestrator/pre_flaginjector.go:32.25,33.39 1 0
github.com/tommed/ducto-orchestrator/internal/orchestrator/pre_flaginjector.go:36.10,37.95 1 0
github.com/tommed/ducto-orchestrator/internal/orchestrator/pre_flaginjector.go:40.2,40.47 1 0
github.com/tommed/ducto-orchestrator/internal/orchestrator/preprocessor.go:14.118,15.38 1 0
github.com/tommed/ducto-orchestrator/internal/orchestrator/preprocessor.go:15.38,16.21 1 0
github.com/tommed/ducto-orchestrator/internal/orchestrator/preprocessor.go:17.24,19.18 2 0
github.com/tommed/ducto-orchestrator/internal/orchestrator/preprocessor.go:19.18,21.5 1 0
github.com/tommed/ducto-orchestrator/internal/orchestrator/preprocessor.go:22.4,22.24 1 0
github.com/tommed/ducto-orchestrator/internal/orchestrator/preprocessor.go:23.11,24.66 1 0
github.com/tommed/ducto-orchestrator/internal/orchestrator/preprocessor.go:27.2,27.12 1 0
github.com/tommed/ducto-orchestrator/internal/outputs/http.go:28.43,29.20 1 0
github.com/tommed/ducto-orchestrator/internal/outputs/http.go:29.20,31.3 1 0
github.com/tommed/ducto-orchestrator/internal/outputs/http.go:32.2,32.23 1 0
github.com/tommed/ducto-orchestrator/internal/outputs/http.go:32.23,34.3 1 0
github.com/tommed/ducto-orchestrator/internal/outputs/http.go:35.2,35.28 1 0
github.com/tommed/ducto-orchestrator/internal/outputs/http.go:35.28,37.3 1 0
github.com/tommed/ducto-orchestrator/internal/outputs/http.go:38.2,38.12 1 0
github.com/tommed/ducto-orchestrator/internal/outputs/http.go:46.51,50.2 1 0
github.com/tommed/ducto-orchestrator/internal/outputs/http.go:53.82,58.2 1 0
github.com/tommed/ducto-orchestrator/internal/outputs/http.go:61.91,63.16 2 0
github.com/tommed/ducto-orchestrator/internal/outputs/http.go:63.16,65.3 1 0
github.com/tommed/ducto-orchestrator/internal/outputs/http.go:68.2,69.16 2 0
github.com/tommed/ducto-orchestrator/internal/outputs/http.go:69.16,71.3 1 0
github.com/tommed/ducto-orchestrator/internal/outputs/http.go:74.2,74.35 1 0
github.com/tommed/ducto-orchestrator/internal/outputs/http.go:74.35,76.3 1 0
github.com/tommed/ducto-orchestrator/internal/outputs/http.go:79.2,80.27 2 0
github.com/tommed/ducto-orchestrator/internal/outputs/http.go:80.27,82.3 1 0
github.com/tommed/ducto-orchestrator/internal/outputs/http.go:83.2,83.17 1 0
github.com/tommed/ducto-orchestrator/internal/outputs/http.go:83.17,85.22 2 0
github.com/tommed/ducto-orchestrator/internal/outputs/http.go:85.22,87.4 1 0
github.com/tommed/ducto-orchestrator/internal/outputs/http.go:88.3,88.74 1 0
github.com/tommed/ducto-orchestrator/internal/outputs/http.go:92.2,96.16 3 0
github.com/tommed/ducto-orchestrator/internal/outputs/http.go:96.16,98.3 1 0
github.com/tommed/ducto-orchestrator/internal/outputs/http.go:101.2,104.79 2 0
github.com/tommed/ducto-orchestrator/internal/outputs/http.go:104.79,106.3 1 0
github.com/tommed/ducto-orchestrator/internal/outputs/http.go:108.2,108.12 1 0
github.com/tommed/ducto-orchestrator/internal/outputs/plugin.go:11.104,12.20 1 0
github.com/tommed/ducto-orchestrator/internal/outputs/plugin.go:13.16,15.17 2 0
github.com/tommed/ducto-orchestrator/internal/outputs/plugin.go:15.17,17.4 1 0
github.com/tommed/ducto-orchestrator/internal/outputs/plugin.go:18.3,18.45 1 0
github.com/tommed/ducto-orchestrator/internal/outputs/plugin.go:20.14,22.17 2 0
github.com/tommed/ducto-orchestrator/internal/outputs/plugin.go:22.17,24.4 1 0
github.com/tommed/ducto-orchestrator/internal/outputs/plugin.go:25.3,25.35 1 0
github.com/tommed/ducto-orchestrator/internal/outputs/plugin.go:27.16,29.17 2 0
github.com/tommed/ducto-orchestrator/internal/outputs/plugin.go:29.17,31.4 1 0
github.com/tommed/ducto-orchestrator/internal/outputs/plugin.go:32.3,32.37 1 0
github.com/tommed/ducto-orchestrator/internal/outputs/plugin.go:34.10,35.68 1 0
github.com/tommed/ducto-orchestrator/internal/outputs/pubsub.go:21.42,22.19 1 0
github.com/tommed/ducto-orchestrator/internal/outputs/pubsub.go:22.19,24.3 1 0
github.com/tommed/ducto-orchestrator/internal/outputs/pubsub.go:25.2,25.20 1 0
github.com/tommed/ducto-orchestrator/internal/outputs/pubsub.go:25.20,27.3 1 0
github.com/tommed/ducto-orchestrator/internal/outputs/pubsub.go:28.2,28.19 1 0
github.com/tommed/ducto-orchestrator/internal/outputs/pubsub.go:28.19,30.3 1 0
github.com/tommed/ducto-orchestrator/internal/outputs/pubsub.go:31.2,31.31 1 0
github.com/tommed/ducto-orchestrator/internal/outputs/pubsub.go:31.31,33.3 1 0
github.com/tommed/ducto-orchestrator/internal/outputs/pubsub.go:34.2,34.50 1 0
github.com/tommed/ducto-orchestrator/internal/outputs/pubsub.go:34.50,36.3 1 0
github.com/tommed/ducto-orchestrator/internal/outputs/pubsub.go:37.2,38.70 2 0
github.com/tommed/ducto-orchestrator/internal/outputs/pubsub.go:38.70,40.3 1 0
github.com/tommed/ducto-orchestrator/internal/outputs/pubsub.go:41.2,41.12 1 0
github.com/tommed/ducto-orchestrator/internal/outputs/pubsub.go:44.85,49.16 5 0
github.com/tommed/ducto-orchestrator/internal/outputs/pubsub.go:49.16,51.3 1 0
github.com/tommed/ducto-orchestrator/internal/outputs/pubsub.go:53.2,56.23 3 0
github.com/tommed/ducto-orchestrator/internal/outputs/pubsub.go:56.23,58.3 1 0
github.com/tommed/ducto-orchestrator/internal/outputs/pubsub.go:60.2,64.8 1 0
github.com/tommed/ducto-orchestrator/internal/outputs/pubsub.go:74.98,79.16 4 0
github.com/tommed/ducto-orchestrator/internal/outputs/pubsub.go:79.16,81.3 1 0
github.com/tommed/ducto-orchestrator/internal/outputs/pubsub.go:83.2,88.40 2 0
github.com/tommed/ducto-orchestrator/internal/outputs/pubsub.go:88.40,90.53 2 0
github.com/tommed/ducto-orchestrator/internal/outputs/pubsub.go:90.53,91.35 1 0
github.com/tommed/ducto-orchestrator/internal/outputs/pubsub.go:91.35,93.5 1 0
github.com/tommed/ducto-orchestrator/internal/outputs/pubsub.go:98.2,98.35 1 0
github.com/tommed/ducto-orchestrator/internal/outputs/pubsub.go:98.35,99.52 1 0
github.com/tommed/ducto-orchestrator/internal/outputs/pubsub.go:99.52,101.4 1 0
github.com/tommed/ducto-orchestrator/internal/outputs/pubsub.go:105.2,107.12 3 0
github.com/tommed/ducto-orchestrator/internal/outputs/stdout.go:18.73,20.2 1 0
github.com/tommed/ducto-orchestrator/internal/outputs/stdout.go:22.90,24.19 2 0
github.com/tommed/ducto-orchestrator/internal/outputs/stdout.go:24.19,26.3 1 0
github.com/tommed/ducto-orchestrator/internal/outputs/stdout.go:27.2,27.29 1 0
github.com/tommed/ducto-orchestrator/internal/sources/http.go:18.43,19.17 1 0
github.com/tommed/ducto-orchestrator/internal/sources/http.go:19.17,21.17 2 0
github.com/tommed/ducto-orchestrator/internal/sources/http.go:21.17,23.4 1 0
github.com/tommed/ducto-orchestrator/internal/sources/http.go:24.3,24.46 1 0
github.com/tommed/ducto-orchestrator/internal/sources/http.go:26.2,26.21 1 0
github.com/tommed/ducto-orchestrator/internal/sources/http.go:26.21,28.3 1 0
github.com/tommed/ducto-orchestrator/internal/sources/http.go:29.2,29.12 1 0
github.com/tommed/ducto-orchestrator/internal/sources/http.go:39.55,45.2 1 0
github.com/tommed/ducto-orchestrator/internal/sources/http.go:47.93,51.67 2 0
github.com/tommed/ducto-orchestrator/internal/sources/http.go:51.67,56.64 3 0
github.com/tommed/ducto-orchestrator/internal/sources/http.go:56.64,59.4 2 0
github.com/tommed/ducto-orchestrator/internal/sources/http.go:61.3,61.28 1 0
github.com/tommed/ducto-orchestrator/internal/sources/http.go:61.28,69.4 1 0
github.com/tommed/ducto-orchestrator/internal/sources/http.go:71.3,71.10 1 0
github.com/tommed/ducto-orchestrator/internal/sources/http.go:72.26,74.9 2 0
github.com/tommed/ducto-orchestrator/internal/sources/http.go:75.11,76.68 1 0
github.com/tommed/ducto-orchestrator/internal/sources/http.go:81.2,85.12 2 0
github.com/tommed/ducto-orchestrator/internal/sources/http.go:85.12,88.3 2 0
github.com/tommed/ducto-orchestrator/internal/sources/http.go:90.2,90.12 1 0
github.com/tommed/ducto-orchestrator/internal/sources/http.go:90.12,92.3 1 0
github.com/tommed/ducto-orchestrator/internal/sources/http.go:94.2,94.12 1 0
github.com/tommed/ducto-orchestrator/internal/sources/http.go:94.12,98.3 3 0
github.com/tommed/ducto-orchestrator/internal/sources/http.go:100.2,100.22 1 0
github.com/tommed/ducto-orchestrator/internal/sources/http.go:103.41,105.2 1 0
github.com/tommed/ducto-orchestrator/internal/sources/input.go:19.59,25.2 2 0
github.com/tommed/ducto-orchestrator/internal/sources/input.go:27.76,29.2 1 0
github.com/tommed/ducto-orchestrator/internal/sources/input.go:31.93,32.29 1 0
github.com/tommed/ducto-orchestrator/internal/sources/input.go:32.29,34.3 1 0
github.com/tommed/ducto-orchestrator/internal/sources/input.go:35.2,36.22 2 0
github.com/tommed/ducto-orchestrator/internal/sources/input.go:39.43,41.2 1 0
github.com/tommed/ducto-orchestrator/internal/sources/input.go:47.49,49.2 1 0
github.com/tommed/ducto-orchestrator/internal/sources/input.go:51.94,53.2 1 0
github.com/tommed/ducto-orchestrator/internal/sources/input.go:55.42,57.2 1 0
github.com/tommed/ducto-orchestrator/internal/sources/plugin.go:11.100,12.20 1 0
github.com/tommed/ducto-orchestrator/internal/sources/plugin.go:13.15,14.41 1 0
github.com/tommed/ducto-orchestrator/internal/sources/plugin.go:16.16,18.17 2 0
github.com/tommed/ducto-orchestrator/internal/sources/plugin.go:18.17,20.4 1 0
github.com/tommed/ducto-orchestrator/internal/sources/plugin.go:21.3,21.42 1 0
github.com/tommed/ducto-orchestrator/internal/sources/plugin.go:23.14,25.17 2 0
github.com/tommed/ducto-orchestrator/internal/sources/plugin.go:25.17,27.4 1 0
github.com/tommed/ducto-orchestrator/internal/sources/plugin.go:28.3,28.40 1 0
github.com/tommed/ducto-orchestrator/internal/sources/plugin.go:30.10,31.68 1 0
github.com/tommed/ducto-orchestrator/internal/sources/stdin.go:14.55,18.2 1 0
github.com/tommed/ducto-orchestrator/internal/sources/stdin.go:21.94,25.47 3 0
github.com/tommed/ducto-orchestrator/internal/sources/stdin.go:25.47,27.3 1 0
github.com/tommed/ducto-orchestrator/internal/sources/stdin.go:30.2,30.50 1 0
github.com/tommed/ducto-orchestrator/internal/sources/stdin.go:33.42,34.39 1 0
github.com/tommed/ducto-orchestrator/internal/sources/stdin.go:34.39,36.3 1 0
github.com/tommed/ducto-orchestrator/internal/sources/stdin.go:37.2,37.12 1 0
github.com/tommed/ducto-orchestrator/cmd/ducto-orchestrator/main.go:9.13,11.2 1 0
github.com/tommed/ducto-orchestrator/cmd/ducto-orchestrator-cloudrun/main.go:9.13,11.16 2 0
github.com/tommed/ducto-orchestrator/cmd/ducto-orchestrator-cloudrun/main.go:11.16,12.13 1 0
github.com/tommed/ducto-orchestrator/cmd/ducto-orchestrator-cloudrun/main.go:14.2,14.71 1 0
github.com/tommed/ducto-orchestrator/internal/cli/runner.go:17.97,26.39 7 10
github.com/tommed/ducto-orchestrator/internal/cli/runner.go:26.39,29.3 2 1
github.com/tommed/ducto-orchestrator/internal/cli/runner.go:30.2,30.22 1 9
github.com/tommed/ducto-orchestrator/internal/cli/runner.go:30.22,32.3 1 1
github.com/tommed/ducto-orchestrator/internal/cli/runner.go:33.2,33.22 1 9
github.com/tommed/ducto-orchestrator/internal/cli/runner.go:33.22,36.3 2 1
github.com/tommed/ducto-orchestrator/internal/cli/runner.go:39.2,42.16 3 8
github.com/tommed/ducto-orchestrator/internal/cli/runner.go:42.16,45.3 2 3
github.com/tommed/ducto-orchestrator/internal/cli/runner.go:48.2,48.24 1 5
github.com/tommed/ducto-orchestrator/internal/cli/runner.go:48.24,51.3 2 0
github.com/tommed/ducto-orchestrator/internal/cli/runner.go:54.2,54.11 1 5
github.com/tommed/ducto-orchestrator/internal/cli/runner.go:54.11,56.3 1 1
github.com/tommed/ducto-orchestrator/internal/cli/runner.go:59.2,60.16 2 5
github.com/tommed/ducto-orchestrator/internal/cli/runner.go:60.16,63.3 2 1
github.com/tommed/ducto-orchestrator/internal/cli/runner.go:64.2,68.16 3 4
github.com/tommed/ducto-orchestrator/internal/cli/runner.go:68.16,71.3 2 1
github.com/tommed/ducto-orchestrator/internal/cli/runner.go:74.2,77.81 2 3
github.com/tommed/ducto-orchestrator/internal/cli/runner.go:77.81,80.3 2 0
github.com/tommed/ducto-orchestrator/internal/cli/runner.go:83.2,83.55 1 3
github.com/tommed/ducto-orchestrator/internal/cli/runner.go:83.55,86.3 2 1
github.com/tommed/ducto-orchestrator/internal/cli/runner.go:88.2,88.10 1 2
github.com/tommed/ducto-orchestrator/internal/cli/signal.go:10.64,12.2 1 9
github.com/tommed/ducto-orchestrator/internal/cli/signal.go:14.89,17.12 2 10
github.com/tommed/ducto-orchestrator/internal/cli/signal.go:17.12,20.3 2 10
github.com/tommed/ducto-orchestrator/internal/cli/signal.go:22.2,22.12 1 10
github.com/tommed/ducto-orchestrator/internal/config/config.go:27.40,29.2 1 7
github.com/tommed/ducto-orchestrator/internal/config/config.go:31.51,32.30 1 0
github.com/tommed/ducto-orchestrator/internal/config/config.go:32.30,34.3 1 0
github.com/tommed/ducto-orchestrator/internal/config/config.go:35.2,35.21 1 0
github.com/tommed/ducto-orchestrator/internal/config/config.go:35.21,37.3 1 0
github.com/tommed/ducto-orchestrator/internal/config/config.go:38.2,38.48 1 0
github.com/tommed/ducto-orchestrator/internal/config/config.go:45.60,51.16 3 5
github.com/tommed/ducto-orchestrator/internal/config/config.go:51.16,53.3 1 0
github.com/tommed/ducto-orchestrator/internal/config/config.go:54.2,54.40 1 5
github.com/tommed/ducto-orchestrator/internal/config/config.go:54.40,56.3 1 0
github.com/tommed/ducto-orchestrator/internal/config/config.go:57.2,57.43 1 5
github.com/tommed/ducto-orchestrator/internal/config/config.go:57.43,58.40 1 1
github.com/tommed/ducto-orchestrator/internal/config/config.go:58.40,60.4 1 0
github.com/tommed/ducto-orchestrator/internal/config/config.go:62.2,62.21 1 5
github.com/tommed/ducto-orchestrator/internal/config/fileloader.go:13.75,14.15 1 8
github.com/tommed/ducto-orchestrator/internal/config/fileloader.go:14.15,16.3 1 0
github.com/tommed/ducto-orchestrator/internal/config/fileloader.go:19.2,21.16 3 8
github.com/tommed/ducto-orchestrator/internal/config/fileloader.go:21.16,23.3 1 0
github.com/tommed/ducto-orchestrator/internal/config/fileloader.go:25.2,26.16 2 8
github.com/tommed/ducto-orchestrator/internal/config/fileloader.go:26.16,28.3 1 1
github.com/tommed/ducto-orchestrator/internal/config/fileloader.go:30.2,30.67 1 7
github.com/tommed/ducto-orchestrator/internal/config/fileloader.go:30.67,32.3 1 2
github.com/tommed/ducto-orchestrator/internal/config/fileloader.go:34.2,34.17 1 5
github.com/tommed/ducto-orchestrator/internal/config/gcsloader.go:19.37,21.16 2 0
github.com/tommed/ducto-orchestrator/internal/config/gcsloader.go:21.16,23.3 1 0
github.com/tommed/ducto-orchestrator/internal/config/gcsloader.go:24.2,24.40 1 0
github.com/tommed/ducto-orchestrator/internal/config/gcsloader.go:30.76,31.38 1 0
github.com/tommed/ducto-orchestrator/internal/config/gcsloader.go:31.38,33.3 1 0
github.com/tommed/ducto-orchestrator/internal/config/gcsloader.go:35.2,36.16 2 0
github.com/tommed/ducto-orchestrator/internal/config/gcsloader.go:36.16,38.3 1 0
github.com/tommed/ducto-orchestrator/internal/config/gcsloader.go:40.2,41.16 2 0
github.com/tommed/ducto-orchestrator/internal/config/gcsloader.go:41.16,43.3 1 0
github.com/tommed/ducto-orchestrator/internal/config/gcsloader.go:44.2,47.16 3 0
github.com/tommed/ducto-orchestrator/internal/config/gcsloader.go:47.16,49.3 1 0
github.com/tommed/ducto-orchestrator/internal/config/gcsloader.go:50.2,52.48 2 0
github.com/tommed/ducto-orchestrator/internal/config/gcsloader.go:52.48,54.3 1 0
github.com/tommed/ducto-orchestrator/internal/config/gcsloader.go:56.2,57.16 2 0
github.com/tommed/ducto-orchestrator/internal/config/gcsloader.go:57.16,59.3 1 0
github.com/tommed/ducto-orchestrator/internal/config/gcsloader.go:62.2,62.49 1 0
github.com/tommed/ducto-orchestrator/internal/config/gcsloader.go:62.49,64.17 2 0
github.com/tommed/ducto-orchestrator/internal/config/gcsloader.go:64.17,66.4 1 0
github.com/tommed/ducto-orchestrator/internal/config/gcsloader.go:68.3,69.17 2 0
github.com/tommed/ducto-orchestrator/internal/config/gcsloader.go:69.17,71.4 1 0
github.com/tommed/ducto-orchestrator/internal/config/gcsloader.go:72.3,75.17 3 0
github.com/tommed/ducto-orchestrator/internal/config/gcsloader.go:75.17,77.4 1 0
github.com/tommed/ducto-orchestrator/internal/config/gcsloader.go:78.3,80.50 2 0
github.com/tommed/ducto-orchestrator/internal/config/gcsloader.go:80.50,82.4 1 0
github.com/tommed/ducto-orchestrator/internal/config/gcsloader.go:84.3,84.35 1 0
github.com/tommed/ducto-orchestrator/internal/config/gcsloader.go:87.2,87.74 1 0
github.com/tommed/ducto-orchestrator/internal/config/gcsloader.go:87.74,89.3 1 0
github.com/tommed/ducto-orchestrator/internal/config/gcsloader.go:91.2,91.17 1 0
github.com/tommed/ducto-orchestrator/internal/config/gcsloader.go:94.65,96.21 2 0
github.com/tommed/ducto-orchestrator/internal/config/gcsloader.go:96.21,98.3 1 0
github.com/tommed/ducto-orchestrator/internal/config/gcsloader.go:99.2,99.32 1 0
github.com/tommed/ducto-orchestrator/internal/config/parse.go:15.48,17.16 2 8
github.com/tommed/ducto-orchestrator/internal/config/parse.go:17.16,19.3 1 1
github.com/tommed/ducto-orchestrator/internal/config/parse.go:21.2,22.9 2 7
github.com/tommed/ducto-orchestrator/internal/config/parse.go:23.40,24.35 1 0
github.com/tommed/ducto-orchestrator/internal/config/parse.go:25.73,26.35 1 7
github.com/tommed/ducto-orchestrator/internal/config/parse.go:27.10,28.67 1 0
github.com/tommed/ducto-orchestrator/internal/config/parse.go:30.2,30.16 1 7
github.com/tommed/ducto-orchestrator/internal/config/parse.go:30.16,32.3 1 0
github.com/tommed/ducto-orchestrator/internal/config/parse.go:34.2,34.18 1 7
github.com/tommed/ducto-orchestrator/internal/config/parse.go:38.56,41.24 2 7
github.com/tommed/ducto-orchestrator/internal/config/parse.go:41.24,43.3 1 2
github.com/tommed/ducto-orchestrator/internal/config/parse.go:45.2,45.27 1 5
github.com/tommed/ducto-orchestrator/internal/config/parse.go:45.27,47.32 2 4
github.com/tommed/ducto-orchestrator/internal/config/parse.go:47.32,49.4 1 4
github.com/tommed/ducto-orchestrator/internal/config/parse.go:50.3,51.17 2 4
github.com/tommed/ducto-orchestrator/internal/config/parse.go:51.17,53.4 1 1
github.com/tommed/ducto-orchestrator/internal/config/parse.go:54.3,56.13 3 3
github.com/tommed/ducto-orchestrator/internal/config/parse.go:59.2,59.59 1 1
github.com/tommed/ducto-orchestrator/internal/orchestrator/feature_flags_store.go:15.105,17.9 2 0
github.com/tommed/ducto-orchestrator/internal/orchestrator/feature_flags_store.go:17.9,19.3 1 0
github.com/tommed/ducto-orchestrator/internal/orchestrator/feature_flags_store.go:21.2,22.20 2 0
github.com/tommed/ducto-orchestrator/internal/orchestrator/feature_flags_store.go:25.14,27.10 2 0
github.com/tommed/ducto-orchestrator/internal/orchestrator/feature_flags_store.go:27.10,29.4 1 0
github.com/tommed/ducto-orchestrator/internal/orchestrator/feature_flags_store.go:30.3,31.43 2 0
github.com/tommed/ducto-orchestrator/internal/orchestrator/feature_flags_store.go:34.14,36.17 2 0
github.com/tommed/ducto-orchestrator/internal/orchestrator/feature_flags_store.go:36.17,38.4 1 0
github.com/tommed/ducto-orchestrator/internal/orchestrator/feature_flags_store.go:39.3,39.41 1 0
github.com/tommed/ducto-orchestrator/internal/orchestrator/feature_flags_store.go:39.41,41.4 1 0
github.com/tommed/ducto-orchestrator/internal/orchestrator/feature_flags_store.go:42.3,42.82 1 0
github.com/tommed/ducto-orchestrator/internal/orchestrator/feature_flags_store.go:45.10,46.95 1 0
github.com/tommed/ducto-orchestrator/internal/orchestrator/feature_flags_store.go:50.2,50.52 1 0
github.com/tommed/ducto-orchestrator/internal/orchestrator/feature_flags_store.go:61.49,62.22 1 0
github.com/tommed/ducto-orchestrator/internal/orchestrator/feature_flags_store.go:62.22,64.3 1 0
github.com/tommed/ducto-orchestrator/internal/orchestrator/feature_flags_store.go:65.2,65.23 1 0
github.com/tommed/ducto-orchestrator/internal/orchestrator/feature_flags_store.go:68.63,70.2 1 0
github.com/tommed/ducto-orchestrator/internal/orchestrator/feature_flags_store.go:72.51,73.17 1 0
github.com/tommed/ducto-orchestrator/internal/orchestrator/feature_flags_store.go:73.17,75.3 1 0
github.com/tommed/ducto-orchestrator/internal/orchestrator/feature_flags_store.go:76.2,76.36 1 0
github.com/tommed/ducto-orchestrator/internal/orchestrator/feature_flags_store.go:76.36,78.3 1 0
github.com/tommed/ducto-orchestrator/internal/orchestrator/feature_flags_store.go:79.2,79.12 1 0
github.com/tommed/ducto-orchestrator/internal/orchestrator/flag_injector.go:19.86,21.2 1 0
github.com/tommed/ducto-orchestrator/internal/orchestrator/flag_injector.go:23.87,25.38 2 0
github.com/tommed/ducto-orchestrator/internal/orchestrator/flag_injector.go:25.38,27.3 1 0
github.com/tommed/ducto-orchestrator/internal/orchestrator/flag_injector.go:29.2,30.12 2 0
github.com/tommed/ducto-orchestrator/internal/orchestrator/orchestrator.go:17.64,22.2 1 4
github.com/tommed/ducto-orchestrator/internal/orchestrator/orchestrator.go:24.56,26.2 1 0
github.com/tommed/ducto-orchestrator/internal/orchestrator/orchestrator.go:28.116,32.16 2 4
github.com/tommed/ducto-orchestrator/internal/orchestrator/orchestrator.go:32.16,34.3 1 1
github.com/tommed/ducto-orchestrator/internal/orchestrator/orchestrator.go:37.2,37.41 1 3
github.com/tommed/ducto-orchestrator/internal/orchestrator/orchestrator.go:37.41,39.3 1 3
github.com/tommed/ducto-orchestrator/internal/orchestrator/orchestrator.go:41.2,41.6 1 3
github.com/tommed/ducto-orchestrator/internal/orchestrator/orchestrator.go:41.6,42.10 1 6
github.com/tommed/ducto-orchestrator/internal/orchestrator/orchestrator.go:43.21,44.20 1 0
github.com/tommed/ducto-orchestrator/internal/orchestrator/orchestrator.go:46.28,47.11 1 6
github.com/tommed/ducto-orchestrator/internal/orchestrator/orchestrator.go:47.11,49.5 1 3
github.com/tommed/ducto-orchestrator/internal/orchestrator/orchestrator.go:51.4,51.54 1 3
github.com/tommed/ducto-orchestrator/internal/orchestrator/orchestrator.go:51.54,53.5 1 0
github.com/tommed/ducto-orchestrator/internal/orchestrator/orchestrator.go:58.118,65.36 2 3
github.com/tommed/ducto-orchestrator/internal/orchestrator/orchestrator.go:65.36,66.47 1 0
github.com/tommed/ducto-orchestrator/internal/orchestrator/orchestrator.go:66.47,68.4 1 0
github.com/tommed/ducto-orchestrator/internal/orchestrator/orchestrator.go:72.2,73.16 2 3
github.com/tommed/ducto-orchestrator/internal/orchestrator/orchestrator.go:73.16,75.3 1 0
github.com/tommed/ducto-orchestrator/internal/orchestrator/orchestrator.go:76.2,76.19 1 3
github.com/tommed/ducto-orchestrator/internal/orchestrator/orchestrator.go:76.19,79.3 1 0
github.com/tommed/ducto-orchestrator/internal/orchestrator/orchestrator.go:82.2,82.56 1 3
github.com/tommed/ducto-orchestrator/internal/orchestrator/orchestrator.go:82.56,84.3 1 0
github.com/tommed/ducto-orchestrator/internal/orchestrator/orchestrator.go:86.2,86.12 1 3
github.com/tommed/ducto-orchestrator/internal/orchestrator/pre_flaginjector.go:10.104,12.16 2 0
github.com/tommed/ducto-orchestrator/internal/orchestrator/pre_flaginjector.go:12.16,14.3 1 0
github.com/tommed/ducto-orchestrator/internal/orchestrator/pre_flaginjector.go:16.2,17.9 2 0
github.com/tommed/ducto-orchestrator/internal/orchestrator/pre_flaginjector.go:20.28,22.17 2 0
github.com/tommed/ducto-orchestrator/internal/orchestrator/pre_flaginjector.go:22.17,24.4 1 0
github.com/tommed/ducto-orchestrator/internal/orchestrator/pre_flaginjector.go:25.3,26.17 2 0
github.com/tommed/ducto-orchestrator/internal/orchestrator/pre_flaginjector.go:26.17,28.4 1 0
github.com/tommed/ducto-orchestrator/internal/orchestrator/pre_flaginjector.go:29.3,29.25 1 0
github.com/tommed/ducto-orchestrator/internal/orchestrator/pre_flaginjector.go:32.25,33.39 1 0
github.com/tommed/ducto-orchestrator/internal/orchestrator/pre_flaginjector.go:36.10,37.95 1 0
github.com/tommed/ducto-orchestrator/internal/orchestrator/pre_flaginjector.go:40.2,40.47 1 0
github.com/tommed/ducto-orchestrator/internal/orchestrator/preprocessor.go:14.118,15.38 1 3
github.com/tommed/ducto-orchestrator/internal/orchestrator/preprocessor.go:15.38,16.21 1 0
github.com/tommed/ducto-orchestrator/internal/orchestrator/preprocessor.go:17.24,19.18 2 0
github.com/tommed/ducto-orchestrator/internal/orchestrator/preprocessor.go:19.18,21.5 1 0
github.com/tommed/ducto-orchestrator/internal/orchestrator/preprocessor.go:22.4,22.24 1 0
github.com/tommed/ducto-orchestrator/internal/orchestrator/preprocessor.go:23.11,24.66 1 0
github.com/tommed/ducto-orchestrator/internal/orchestrator/preprocessor.go:27.2,27.12 1 3
github.com/tommed/ducto-orchestrator/internal/outputs/http.go:28.43,29.20 1 0
github.com/tommed/ducto-orchestrator/internal/outputs/http.go:29.20,31.3 1 0
github.com/tommed/ducto-orchestrator/internal/outputs/http.go:32.2,32.23 1 0
github.com/tommed/ducto-orchestrator/internal/outputs/http.go:32.23,34.3 1 0
github.com/tommed/ducto-orchestrator/internal/outputs/http.go:35.2,35.28 1 0
github.com/tommed/ducto-orchestrator/internal/outputs/http.go:35.28,37.3 1 0
github.com/tommed/ducto-orchestrator/internal/outputs/http.go:38.2,38.12 1 0
github.com/tommed/ducto-orchestrator/internal/outputs/http.go:46.51,50.2 1 0
github.com/tommed/ducto-orchestrator/internal/outputs/http.go:53.82,58.2 1 0
github.com/tommed/ducto-orchestrator/internal/outputs/http.go:61.91,63.16 2 0
github.com/tommed/ducto-orchestrator/internal/outputs/http.go:63.16,65.3 1 0
github.com/tommed/ducto-orchestrator/internal/outputs/http.go:68.2,69.16 2 0
github.com/tommed/ducto-orchestrator/internal/outputs/http.go:69.16,71.3 1 0
github.com/tommed/ducto-orchestrator/internal/outputs/http.go:74.2,74.35 1 0
github.com/tommed/ducto-orchestrator/internal/outputs/http.go:74.35,76.3 1 0
github.com/tommed/ducto-orchestrator/internal/outputs/http.go:79.2,80.27 2 0
github.com/tommed/ducto-orchestrator/internal/outputs/http.go:80.27,82.3 1 0
github.com/tommed/ducto-orchestrator/internal/outputs/http.go:83.2,83.17 1 0
github.com/tommed/ducto-orchestrator/internal/outputs/http.go:83.17,85.22 2 0
github.com/tommed/ducto-orchestrator/internal/outputs/http.go:85.22,87.4 1 0
github.com/tommed/ducto-orchestrator/internal/outputs/http.go:88.3,88.74 1 0
github.com/tommed/ducto-orchestrator/internal/outputs/http.go:92.2,96.16 3 0
github.com/tommed/ducto-orchestrator/internal/outputs/http.go:96.16,98.3 1 0
github.com/tommed/ducto-orchestrator/internal/outputs/http.go:101.2,104.79 2 0
github.com/tommed/ducto-orchestrator/internal/outputs/http.go:104.79,106.3 1 0
github.com/tommed/ducto-orchestrator/internal/outputs/http.go:108.2,108.12 1 0
github.com/tommed/ducto-orchestrator/internal/outputs/plugin.go:11.104,12.20 1 5
github.com/tommed/ducto-orchestrator/internal/outputs/plugin.go:13.16,15.17 2 3
github.com/tommed/ducto-orchestrator/internal/outputs/plugin.go:15.17,17.4 1 0
github.com/tommed/ducto-orchestrator/internal/outputs/plugin.go:18.3,18.45 1 3
github.com/tommed/ducto-orchestrator/internal/outputs/plugin.go:20.14,22.17 2 0
github.com/tommed/ducto-orchestrator/internal/outputs/plugin.go:22.17,24.4 1 0
github.com/tommed/ducto-orchestrator/internal/outputs/plugin.go:25.3,25.35 1 0
github.com/tommed/ducto-orchestrator/internal/outputs/plugin.go:27.16,29.17 2 1
github.com/tommed/ducto-orchestrator/internal/outputs/plugin.go:29.17,31.4 1 0
github.com/tommed/ducto-orchestrator/internal/outputs/plugin.go:32.3,32.37 1 1
github.com/tommed/ducto-orchestrator/internal/outputs/plugin.go:34.10,35.68 1 1
github.com/tommed/ducto-orchestrator/internal/outputs/pubsub.go:21.42,22.19 1 1
github.com/tommed/ducto-orchestrator/internal/outputs/pubsub.go:22.19,24.3 1 0
github.com/tommed/ducto-orchestrator/internal/outputs/pubsub.go:25.2,25.20 1 1
github.com/tommed/ducto-orchestrator/internal/outputs/pubsub.go:25.20,27.3 1 1
github.com/tommed/ducto-orchestrator/internal/outputs/pubsub.go:28.2,28.19 1 1
github.com/tommed/ducto-orchestrator/internal/outputs/pubsub.go:28.19,30.3 1 0
github.com/tommed/ducto-orchestrator/internal/outputs/pubsub.go:31.2,31.31 1 1
github.com/tommed/ducto-orchestrator/internal/outputs/pubsub.go:31.31,33.3 1 0
github.com/tommed/ducto-orchestrator/internal/outputs/pubsub.go:34.2,34.50 1 1
github.com/tommed/ducto-orchestrator/internal/outputs/pubsub.go:34.50,36.3 1 0
github.com/tommed/ducto-orchestrator/internal/outputs/pubsub.go:37.2,38.70 2 1
github.com/tommed/ducto-orchestrator/internal/outputs/pubsub.go:38.70,40.3 1 0
github.com/tommed/ducto-orchestrator/internal/outputs/pubsub.go:41.2,41.12 1 1
github.com/tommed/ducto-orchestrator/internal/outputs/pubsub.go:44.85,49.16 5 1
github.com/tommed/ducto-orchestrator/internal/outputs/pubsub.go:49.16,51.3 1 0
github.com/tommed/ducto-orchestrator/internal/outputs/pubsub.go:53.2,56.23 3 1
github.com/tommed/ducto-orchestrator/internal/outputs/pubsub.go:56.23,58.3 1 0
github.com/tommed/ducto-orchestrator/internal/outputs/pubsub.go:60.2,64.8 1 1
github.com/tommed/ducto-orchestrator/internal/outputs/pubsub.go:74.98,79.16 4 1
github.com/tommed/ducto-orchestrator/internal/outputs/pubsub.go:79.16,81.3 1 0
github.com/tommed/ducto-orchestrator/internal/outputs/pubsub.go:83.2,88.40 2 1
github.com/tommed/ducto-orchestrator/internal/outputs/pubsub.go:88.40,90.53 2 0
github.com/tommed/ducto-orchestrator/internal/outputs/pubsub.go:90.53,91.35 1 0
github.com/tommed/ducto-orchestrator/internal/outputs/pubsub.go:91.35,93.5 1 0
github.com/tommed/ducto-orchestrator/internal/outputs/pubsub.go:98.2,98.35 1 1
github.com/tommed/ducto-orchestrator/internal/outputs/pubsub.go:98.35,99.52 1 0
github.com/tommed/ducto-orchestrator/internal/outputs/pubsub.go:99.52,101.4 1 0
github.com/tommed/ducto-orchestrator/internal/outputs/pubsub.go:105.2,107.12 3 1
github.com/tommed/ducto-orchestrator/internal/outputs/stdout.go:18.73,20.2 1 3
github.com/tommed/ducto-orchestrator/internal/outputs/stdout.go:22.90,24.19 2 2
github.com/tommed/ducto-orchestrator/internal/outputs/stdout.go:24.19,26.3 1 2
github.com/tommed/ducto-orchestrator/internal/outputs/stdout.go:27.2,27.29 1 2
github.com/tommed/ducto-orchestrator/internal/sources/http.go:18.43,19.17 1 0
github.com/tommed/ducto-orchestrator/internal/sources/http.go:19.17,21.17 2 0
github.com/tommed/ducto-orchestrator/internal/sources/http.go:21.17,23.4 1 0
github.com/tommed/ducto-orchestrator/internal/sources/http.go:24.3,24.46 1 0
github.com/tommed/ducto-orchestrator/internal/sources/http.go:26.2,26.21 1 0
github.com/tommed/ducto-orchestrator/internal/sources/http.go:26.21,28.3 1 0
github.com/tommed/ducto-orchestrator/internal/sources/http.go:29.2,29.12 1 0
github.com/tommed/ducto-orchestrator/internal/sources/http.go:39.55,45.2 1 0
github.com/tommed/ducto-orchestrator/internal/sources/http.go:47.93,51.67 2 0
github.com/tommed/ducto-orchestrator/internal/sources/http.go:51.67,56.64 3 0
github.com/tommed/ducto-orchestrator/internal/sources/http.go:56.64,59.4 2 0
github.com/tommed/ducto-orchestrator/internal/sources/http.go:61.3,61.28 1 0
github.com/tommed/ducto-orchestrator/internal/sources/http.go:61.28,69.4 1 0
github.com/tommed/ducto-orchestrator/internal/sources/http.go:71.3,71.10 1 0
github.com/tommed/ducto-orchestrator/internal/sources/http.go:72.26,74.9 2 0
github.com/tommed/ducto-orchestrator/internal/sources/http.go:75.11,76.68 1 0
github.com/tommed/ducto-orchestrator/internal/sources/http.go:81.2,85.12 2 0
github.com/tommed/ducto-orchestrator/internal/sources/http.go:85.12,88.3 2 0
github.com/tommed/ducto-orchestrator/internal/sources/http.go:90.2,90.12 1 0
github.com/tommed/ducto-orchestrator/internal/sources/http.go:90.12,92.3 1 0
github.com/tommed/ducto-orchestrator/internal/sources/http.go:94.2,94.12 1 0
github.com/tommed/ducto-orchestrator/internal/sources/http.go:94.12,98.3 3 0
github.com/tommed/ducto-orchestrator/internal/sources/http.go:100.2,100.22 1 0
github.com/tommed/ducto-orchestrator/internal/sources/http.go:103.41,105.2 1 0
github.com/tommed/ducto-orchestrator/internal/sources/input.go:19.59,25.2 2 3
github.com/tommed/ducto-orchestrator/internal/sources/input.go:27.76,29.2 1 2
github.com/tommed/ducto-orchestrator/internal/sources/input.go:31.93,32.29 1 3
github.com/tommed/ducto-orchestrator/internal/sources/input.go:32.29,34.3 1 3
github.com/tommed/ducto-orchestrator/internal/sources/input.go:35.2,36.22 2 3
github.com/tommed/ducto-orchestrator/internal/sources/input.go:39.43,41.2 1 1
github.com/tommed/ducto-orchestrator/internal/sources/input.go:47.49,49.2 1 0
github.com/tommed/ducto-orchestrator/internal/sources/input.go:51.94,53.2 1 0
github.com/tommed/ducto-orchestrator/internal/sources/input.go:55.42,57.2 1 0
github.com/tommed/ducto-orchestrator/internal/sources/plugin.go:11.100,12.20 1 6
github.com/tommed/ducto-orchestrator/internal/sources/plugin.go:13.15,14.41 1 4
github.com/tommed/ducto-orchestrator/internal/sources/plugin.go:16.16,18.17 2 1
github.com/tommed/ducto-orchestrator/internal/sources/plugin.go:18.17,20.4 1 0
github.com/tommed/ducto-orchestrator/internal/sources/plugin.go:21.3,21.42 1 1
github.com/tommed/ducto-orchestrator/internal/sources/plugin.go:23.14,25.17 2 0
github.com/tommed/ducto-orchestrator/internal/sources/plugin.go:25.17,27.4 1 0
github.com/tommed/ducto-orchestrator/internal/sources/plugin.go:28.3,28.40 1 0
github.com/tommed/ducto-orchestrator/internal/sources/plugin.go:30.10,31.68 1 1
github.com/tommed/ducto-orchestrator/internal/sources/stdin.go:14.55,18.2 1 4
github.com/tommed/ducto-orchestrator/internal/sources/stdin.go:21.94,25.47 3 3
github.com/tommed/ducto-orchestrator/internal/sources/stdin.go:25.47,27.3 1 1
github.com/tommed/ducto-orchestrator/internal/sources/stdin.go:30.2,30.50 1 2
github.com/tommed/ducto-orchestrator/internal/sources/stdin.go:33.42,34.39 1 6
github.com/tommed/ducto-orchestrator/internal/sources/stdin.go:34.39,36.3 1 6
github.com/tommed/ducto-orchestrator/internal/sources/stdin.go:37.2,37.12 1 0
github.com/tommed/ducto-orchestrator/cmd/ducto-orchestrator/main.go:9.13,11.2 1 0
github.com/tommed/ducto-orchestrator/cmd/ducto-orchestrator-cloudrun/main.go:9.13,11.16 2 0
github.com/tommed/ducto-orchestrator/cmd/ducto-orchestrator-cloudrun/main.go:11.16,12.13 1 0
github.com/tommed/ducto-orchestrator/cmd/ducto-orchestrator-cloudrun/main.go:14.2,14.71 1 0
github.com/tommed/ducto-orchestrator/internal/cli/runner.go:17.97,26.39 7 0
github.com/tommed/ducto-orchestrator/internal/cli/runner.go:26.39,29.3 2 0
github.com/tommed/ducto-orchestrator/internal/cli/runner.go:30.2,30.22 1 0
github.com/tommed/ducto-orchestrator/internal/cli/runner.go:30.22,32.3 1 0
github.com/tommed/ducto-orchestrator/internal/cli/runner.go:33.2,33.22 1 0
github.com/tommed/ducto-orchestrator/internal/cli/runner.go:33.22,36.3 2 0
github.com/tommed/ducto-orchestrator/internal/cli/runner.go:39.2,42.16 3 0
github.com/tommed/ducto-orchestrator/internal/cli/runner.go:42.16,45.3 2 0
github.com/tommed/ducto-orchestrator/internal/cli/runner.go:48.2,48.24 1 0
github.com/tommed/ducto-orchestrator/internal/cli/runner.go:48.24,51.3 2 0
github.com/tommed/ducto-orchestrator/internal/cli/runner.go:54.2,54.11 1 0
github.com/tommed/ducto-orchestrator/internal/cli/runner.go:54.11,56.3 1 0
github.com/tommed/ducto-orchestrator/internal/cli/runner.go:59.2,60.16 2 0
github.com/tommed/ducto-orchestrator/internal/cli/runner.go:60.16,63.3 2 0
github.com/tommed/ducto-orchestrator/internal/cli/runner.go:64.2,68.16 3 0
github.com/tommed/ducto-orchestrator/internal/cli/runner.go:68.16,71.3 2 0
github.com/tommed/ducto-orchestrator/internal/cli/runner.go:74.2,77.81 2 0
github.com/tommed/ducto-orchestrator/internal/cli/runner.go:77.81,80.3 2 0
github.com/tommed/ducto-orchestrator/internal/cli/runner.go:83.2,83.55 1 0
github.com/tommed/ducto-orchestrator/internal/cli/runner.go:83.55,86.3 2 0
github.com/tommed/ducto-orchestrator/internal/cli/runner.go:88.2,88.10 1 0
github.com/tommed/ducto-orchestrator/internal/cli/signal.go:10.64,12.2 1 0
github.com/tommed/ducto-orchestrator/internal/cli/signal.go:14.89,17.12 2 0
github.com/tommed/ducto-orchestrator/internal/cli/signal.go:17.12,20.3 2 0
github.com/tommed/ducto-orchestrator/internal/cli/signal.go:22.2,22.12 1 0
github.com/tommed/ducto-orchestrator/internal/config/config.go:27.40,29.2 1 0
github.com/tommed/ducto-orchestrator/internal/config/config.go:31.51,32.30 1 0
github.com/tommed/ducto-orchestrator/internal/config/config.go:32.30,34.3 1 0
github.com/tommed/ducto-orchestrator/internal/config/config.go:35.2,35.21 1 0
github.com/tommed/ducto-orchestrator/internal/config/config.go:35.21,37.3 1 0
github.com/tommed/ducto-orchestrator/internal/config/config.go:38.2,38.48 1 0
github.com/tommed/ducto-orchestrator/internal/config/config.go:45.60,51.16 3 3
github.com/tommed/ducto-orchestrator/internal/config/config.go:51.16,53.3 1 0
github.com/tommed/ducto-orchestrator/internal/config/config.go:54.2,54.40 1 3
github.com/tommed/ducto-orchestrator/internal/config/config.go:54.40,56.3 1 1
github.com/tommed/ducto-orchestrator/internal/config/config.go:57.2,57.43 1 2
github.com/tommed/ducto-orchestrator/internal/config/config.go:57.43,58.40 1 1
github.com/tommed/ducto-orchestrator/internal/config/config.go:58.40,60.4 1 0
github.com/tommed/ducto-orchestrator/internal/config/config.go:62.2,62.21 1 2
github.com/tommed/ducto-orchestrator/internal/config/fileloader.go:13.75,14.15 1 0
github.com/tommed/ducto-orchestrator/internal/config/fileloader.go:14.15,16.3 1 0
github.com/tommed/ducto-orchestrator/internal/config/fileloader.go:19.2,21.16 3 0
github.com/tommed/ducto-orchestrator/internal/config/fileloader.go:21.16,23.3 1 0
github.com/tommed/ducto-orchestrator/internal/config/fileloader.go:25.2,26.16 2 0
github.com/tommed/ducto-orchestrator/internal/config/fileloader.go:26.16,28.3 1 0
github.com/tommed/ducto-orchestrator/internal/config/fileloader.go:30.2,30.67 1 0
github.com/tommed/ducto-orchestrator/internal/config/fileloader.go:30.67,32.3 1 0
github.com/tommed/ducto-orchestrator/internal/config/fileloader.go:34.2,34.17 1 0
github.com/tommed/ducto-orchestrator/internal/config/gcsloader.go:19.37,21.16 2 0
github.com/tommed/ducto-orchestrator/internal/config/gcsloader.go:21.16,23.3 1 0
github.com/tommed/ducto-orchestrator/internal/config/gcsloader.go:24.2,24.40 1 0
github.com/tommed/ducto-orchestrator/internal/config/gcsloader.go:30.76,31.38 1 0
github.com/tommed/ducto-orchestrator/internal/config/gcsloader.go:31.38,33.3 1 0
github.com/tommed/ducto-orchestrator/internal/config/gcsloader.go:35.2,36.16 2 0
github.com/tommed/ducto-orchestrator/internal/config/gcsloader.go:36.16,38.3 1 0
github.com/tommed/ducto-orchestrator/internal/config/gcsloader.go:40.2,41.16 2 0
github.com/tommed/ducto-orchestrator/internal/config/gcsloader.go:41.16,43.3 1 0
github.com/tommed/ducto-orchestrator/internal/config/gcsloader.go:44.2,47.16 3 0
github.com/tommed/ducto-orchestrator/internal/config/gcsloader.go:47.16,49.3 1 0
github.com/tommed/ducto-orchestrator/internal/config/gcsloader.go:50.2,52.48 2 0
github.com/tommed/ducto-orchestrator/internal/config/gcsloader.go:52.48,54.3 1 0
github.com/tommed/ducto-orchestrator/internal/config/gcsloader.go:56.2,57.16 2 0
github.com/tommed/ducto-orchestrator/internal/config/gcsloader.go:57.16,59.3 1 0
github.com/tommed/ducto-orchestrator/internal/config/gcsloader.go:62.2,62.49 1 0
github.com/tommed/ducto-orchestrator/internal/config/gcsloader.go:62.49,64.17 2 0
github.com/tommed/ducto-orchestrator/internal/config/gcsloader.go:64.17,66.4 1 0
github.com/tommed/ducto-orchestrator/internal/config/gcsloader.go:68.3,69.17 2 0
github.com/tommed/ducto-orchestrator/internal/config/gcsloader.go:69.17,71.4 1 0
github.com/tommed/ducto-orchestrator/internal/config/gcsloader.go:72.3,75.17 3 0
github.com/tommed/ducto-orchestrator/internal/config/gcsloader.go:75.17,77.4 1 0
github.com/tommed/ducto-orchestrator/internal/config/gcsloader.go:78.3,80.50 2 0
github.com/tommed/ducto-orchestrator/internal/config/gcsloader.go:80.50,82.4 1 0
github.com/tommed/ducto-orchestrator/internal/config/gcsloader.go:84.3,84.35 1 0
github.com/tommed/ducto-orchestrator/internal/config/gcsloader.go:87.2,87.74 1 0
github.com/tommed/ducto-orchestrator/internal/config/gcsloader.go:87.74,89.3 1 0
github.com/tommed/ducto-orchestrator/internal/config/gcsloader.go:91.2,91.17 1 0
github.com/tommed/ducto-orchestrator/internal/config/gcsloader.go:94.65,96.21 2 0
github.com/tommed/ducto-orchestrator/internal/config/gcsloader.go:96.21,98.3 1 0
github.com/tommed/ducto-orchestrator/internal/config/gcsloader.go:99.2,99.32 1 0
github.com/tommed/ducto-orchestrator/internal/config/parse.go:15.48,17.16 2 0
github.com/tommed/ducto-orchestrator/internal/config/parse.go:17.16,19.3 1 0
github.com/tommed/ducto-orchestrator/internal/config/parse.go:21.2,22.9 2 0
github.com/tommed/ducto-orchestrator/internal/config/parse.go:23.40,24.35 1 0
github.com/tommed/ducto-orchestrator/internal/config/parse.go:25.73,26.35 1 0
github.com/tommed/ducto-orchestrator/internal/config/parse.go:27.10,28.67 1 0
github.com/tommed/ducto-orchestrator/internal/config/parse.go:30.2,30.16 1 0
github.com/tommed/ducto-orchestrator/internal/config/parse.go:30.16,32.3 1 0
github.com/tommed/ducto-orchestrator/internal/config/parse.go:34.2,34.18 1 0
github.com/tommed/ducto-orchestrator/internal/config/parse.go:38.56,41.24 2 0
github.com/tommed/ducto-orchestrator/internal/config/parse.go:41.24,43.3 1 0
github.com/tommed/ducto-orchestrator/internal/config/parse.go:45.2,45.27 1 0
github.com/tommed/ducto-orchestrator/internal/config/parse.go:45.27,47.32 2 0
github.com/tommed/ducto-orchestrator/internal/config/parse.go:47.32,49.4 1 0
github.com/tommed/ducto-orchestrator/internal/config/parse.go:50.3,51.17 2 0
github.com/tommed/ducto-orchestrator/internal/config/parse.go:51.17,53.4 1 0
github.com/tommed/ducto-orchestrator/internal/config/parse.go:54.3,56.13 3 0
github.com/tommed/ducto-orchestrator/internal/config/parse.go:59.2,59.59 1 0
github.com/tommed/ducto-orchestrator/internal/orchestrator/feature_flags_store.go:15.105,17.9 2 0
github.com/tommed/ducto-orchestrator/internal/orchestrator/feature_flags_store.go:17.9,19.3 1 0
github.com/tommed/ducto-orchestrator/internal/orchestrator/feature_flags_store.go:21.2,22.20 2 0
github.com/tommed/ducto-orchestrator/internal/orchestrator/feature_flags_store.go:25.14,27.10 2 0
github.com/tommed/ducto-orchestrator/internal/orchestrator/feature_flags_store.go:27.10,29.4 1 0
github.com/tommed/ducto-orchestrator/internal/orchestrator/feature_flags_store.go:30.3,31.43 2 0
github.com/tommed/ducto-orchestrator/internal/orchestrator/feature_flags_store.go:34.14,36.17 2 0
github.com/tommed/ducto-orchestrator/internal/orchestrator/feature_flags_store.go:36.17,38.4 1 0
github.com/tommed/ducto-orchestrator/internal/orchestrator/feature_flags_store.go:39.3,39.41 1 0
github.com/tommed/ducto-orchestrator/internal/orchestrator/feature_flags_store.go:39.41,41.4 1 0
github.com/tommed/ducto-orchestrator/internal/orchestrator/feature_flags_store.go:42.3,42.82 1 0
github.com/tommed/ducto-orchestrator/internal/orchestrator/feature_flags_store.go:45.10,46.95 1 0
[...]
github.com/tommed/ducto-orchestrator/internal/config/fileloader.go:19.2,21.16 3 0
github.com/tommed/ducto-orchestrator/internal/config/fileloader.go:21.16,23.3 1 0
github.com/tommed/ducto-orchestrator/internal/config/fileloader.go:25.2,26.16 2 0
github.com/tommed/ducto-orchestrator/internal/config/fileloader.go:26.16,28.3 1 0
github.com/tommed/ducto-orchestrator/internal/config/fileloader.go:30.2,30.67 1 0
github.com/tommed/ducto-orchestrator/internal/config/fileloader.go:30.67,32.3 1 0
github.com/tommed/ducto-orchestrator/internal/config/fileloader.go:34.2,34.17 1 0
github.com/tommed/ducto-orchestrator/internal/config/gcsloader.go:19.37,21.16 2 0
github.com/tommed/ducto-orchestrator/internal/config/gcsloader.go:21.16,23.3 1 0
github.com/tommed/ducto-orchestrator/internal/config/gcsloader.go:24.2,24.40 1 0
github.com/tommed/ducto-orchestrator/internal/config/gcsloader.go:30.76,31.38 1 0
github.com/tommed/ducto-orchestrator/internal/config/gcsloader.go:31.38,33.3 1 0
github.com/tommed/ducto-orchestrator/internal/config/gcsloader.go:35.2,36.16 2 0
github.com/tommed/ducto-orchestrator/internal/config/gcsloader.go:36.16,38.3 1 0
github.com/tommed/ducto-orchestrator/internal/config/gcsloader.go:40.2,41.16 2 0
github.com/tommed/ducto-orchestrator/internal/config/gcsloader.go:41.16,43.3 1 0
github.com/tommed/ducto-orchestrator/internal/config/gcsloader.go:44.2,47.16 3 0
github.com/tommed/ducto-orchestrator/internal/config/gcsloader.go:47.16,49.3 1 0
github.com/tommed/ducto-orchestrator/internal/config/gcsloader.go:50.2,52.48 2 0
github.com/tommed/ducto-orchestrator/internal/config/gcsloader.go:52.48,54.3 1 0
github.com/tommed/ducto-orchestrator/internal/config/gcsloader.go:56.2,57.16 2 0
github.com/tommed/ducto-orchestrator/internal/config/gcsloader.go:57.16,59.3 1 0
github.com/tommed/ducto-orchestrator/internal/config/gcsloader.go:62.2,62.49 1 0
github.com/tommed/ducto-orchestrator/internal/config/gcsloader.go:62.49,64.17 2 0
github.com/tommed/ducto-orchestrator/internal/config/gcsloader.go:64.17,66.4 1 0
github.com/tommed/ducto-orchestrator/internal/config/gcsloader.go:68.3,69.17 2 0
github.com/tommed/ducto-orchestrator/internal/config/gcsloader.go:69.17,71.4 1 0
github.com/tommed/ducto-orchestrator/internal/config/gcsloader.go:72.3,75.17 3 0
github.com/tommed/ducto-orchestrator/internal/config/gcsloader.go:75.17,77.4 1 0
github.com/tommed/ducto-orchestrator/internal/config/gcsloader.go:78.3,80.50 2 0
github.com/tommed/ducto-orchestrator/internal/config/gcsloader.go:80.50,82.4 1 0
github.com/tommed/ducto-orchestrator/internal/config/gcsloader.go:84.3,84.35 1 0
github.com/tommed/ducto-orchestrator/internal/config/gcsloader.go:87.2,87.74 1 0
github.com/tommed/ducto-orchestrator/internal/config/gcsloader.go:87.74,89.3 1 0
github.com/tommed/ducto-orchestrator/internal/config/gcsloader.go:91.2,91.17 1 0
github.com/tommed/ducto-orchestrator/internal/config/gcsloader.go:94.65,96.21 2 0
github.com/tommed/ducto-orchestrator/internal/config/gcsloader.go:96.21,98.3 1 0
github.com/tommed/ducto-orchestrator/internal/config/gcsloader.go:99.2,99.32 1 0
github.com/tommed/ducto-orchestrator/internal/config/parse.go:15.48,17.16 2 0
github.com/tommed/ducto-orchestrator/internal/config/parse.go:17.16,19.3 1 0
github.com/tommed/ducto-orchestrator/internal/config/parse.go:21.2,22.9 2 0
github.com/tommed/ducto-orchestrator/internal/config/parse.go:23.40,24.35 1 0
github.com/tommed/ducto-orchestrator/internal/config/parse.go:25.73,26.35 1 0
github.com/tommed/ducto-orchestrator/internal/config/parse.go:27.10,28.67 1 0
github.com/tommed/ducto-orchestrator/internal/config/parse.go:30.2,30.16 1 0
github.com/tommed/ducto-orchestrator/internal/config/parse.go:30.16,32.3 1 0
github.com/tommed/ducto-orchestrator/internal/config/parse.go:34.2,34.18 1 0
github.com/tommed/ducto-orchestrator/internal/config/parse.go:38.56,41.24 2 0
github.com/tommed/ducto-orchestrator/internal/config/parse.go:41.24,43.3 1 0
github.com/tommed/ducto-orchestrator/internal/config/parse.go:45.2,45.27 1 0
github.com/tommed/ducto-orchestrator/internal/config/parse.go:45.27,47.32 2 0
github.com/tommed/ducto-orchestrator/internal/config/parse.go:47.32,49.4 1 0
github.com/tommed/ducto-orchestrator/internal/config/parse.go:50.3,51.17 2 0
github.com/tommed/ducto-orchestrator/internal/config/parse.go:51.17,53.4 1 0
github.com/tommed/ducto-orchestrator/internal/config/parse.go:54.3,56.13 3 0
github.com/tommed/ducto-orchestrator/internal/config/parse.go:59.2,59.59 1 0
github.com/tommed/ducto-orchestrator/internal/orchestrator/feature_flags_store.go:15.105,17.9 2 0
github.com/tommed/ducto-orchestrator/internal/orchestrator/feature_flags_store.go:17.9,19.3 1 0
github.com/tommed/ducto-orchestrator/internal/orchestrator/feature_flags_store.go:21.2,22.20 2 0
github.com/tommed/ducto-orchestrator/internal/orchestrator/feature_flags_store.go:25.14,27.10 2 0
github.com/tommed/ducto-orchestrator/internal/orchestrator/feature_flags_store.go:27.10,29.4 1 0
github.com/tommed/ducto-orchestrator/internal/orchestrator/feature_flags_store.go:30.3,31.43 2 0
github.com/tommed/ducto-orchestrator/internal/orchestrator/feature_flags_store.go:34.14,36.17 2 0
github.com/tommed/ducto-orchestrator/internal/orchestrator/feature_flags_store.go:36.17,38.4 1 0
github.com/tommed/ducto-orchestrator/internal/orchestrator/feature_flags_store.go:39.3,39.41 1 0
github.com/tommed/ducto-orchestrator/internal/orchestrator/feature_flags_store.go:39.41,41.4 1 0
github.com/tommed/ducto-orchestrator/internal/orchestrator/feature_flags_store.go:42.3,42.82 1 0
github.com/tommed/ducto-orchestrator/internal/orchestrator/feature_flags_store.go:45.10,46.95 1 0
github.com/tommed/ducto-orchestrator/internal/orchestrator/feature_flags_store.go:50.2,50.52 1 0
github.com/tommed/ducto-orchestrator/internal/orchestrator/feature_flags_store.go:61.49,62.22 1 0
github.com/tommed/ducto-orchestrator/internal/orchestrator/feature_flags_store.go:62.22,64.3 1 0
github.com/tommed/ducto-orchestrator/internal/orchestrator/feature_flags_store.go:65.2,65.23 1 0
github.com/tommed/ducto-orchestrator/internal/orchestrator/feature_flags_store.go:68.63,70.2 1 0
github.com/tommed/ducto-orchestrator/internal/orchestrator/feature_flags_store.go:72.51,73.17 1 0
github.com/tommed/ducto-orchestrator/internal/orchestrator/feature_flags_store.go:73.17,75.3 1 0
github.com/tommed/ducto-orchestrator/internal/orchestrator/feature_flags_store.go:76.2,76.36 1 0
github.com/tommed/ducto-orchestrator/internal/orchestrator/feature_flags_store.go:76.36,78.3 1 0
github.com/tommed/ducto-orchestrator/internal/orchestrator/feature_flags_store.go:79.2,79.12 1 0
github.com/tommed/ducto-orchestrator/internal/orchestrator/flag_injector.go:19.86,21.2 1 0
github.com/tommed/ducto-orchestrator/internal/orchestrator/flag_injector.go:23.87,25.38 2 0
github.com/tommed/ducto-orchestrator/internal/orchestrator/flag_injector.go:25.38,27.3 1 0
github.com/tommed/ducto-orchestrator/internal/orchestrator/flag_injector.go:29.2,30.12 2 0
github.com/tommed/ducto-orchestrator/internal/orchestrator/orchestrator.go:17.64,22.2 1 0
github.com/tommed/ducto-orchestrator/internal/orchestrator/orchestrator.go:24.56,26.2 1 0
github.com/tommed/ducto-orchestrator/internal/orchestrator/orchestrator.go:28.116,32.16 2 0
github.com/tommed/ducto-orchestrator/internal/orchestrator/orchestrator.go:32.16,34.3 1 0
github.com/tommed/ducto-orchestrator/internal/orchestrator/orchestrator.go:37.2,37.41 1 0
github.com/tommed/ducto-orchestrator/internal/orchestrator/orchestrator.go:37.41,39.3 1 0
github.com/tommed/ducto-orchestrator/internal/orchestrator/orchestrator.go:41.2,41.6 1 0
github.com/tommed/ducto-orchestrator/internal/orchestrator/orchestrator.go:41.6,42.10 1 0
github.com/tommed/ducto-orchestrator/internal/orchestrator/orchestrator.go:43.21,44.20 1 0
github.com/tommed/ducto-orchestrator/internal/orchestrator/orchestrator.go:46.28,47.11 1 0
github.com/tommed/ducto-orchestrator/internal/orchestrator/orchestrator.go:47.11,49.5 1 0
github.com/tommed/ducto-orchestrator/internal/orchestrator/orchestrator.go:51.4,51.54 1 0
github.com/tommed/ducto-orchestrator/internal/orchestrator/orchestrator.go:51.54,53.5 1 0
github.com/tommed/ducto-orchestrator/internal/orchestrator/orchestrator.go:58.118,65.36 2 0
github.com/tommed/ducto-orchestrator/internal/orchestrator/orchestrator.go:65.36,66.47 1 0
github.com/tommed/ducto-orchestrator/internal/orchestrator/orchestrator.go:66.47,68.4 1 0
github.com/tommed/ducto-orchestrator/internal/orchestrator/orchestrator.go:72.2,73.16 2 0
github.com/tommed/ducto-orchestrator/internal/orchestrator/orchestrator.go:73.16,75.3 1 0
github.com/tommed/ducto-orchestrator/internal/orchestrator/orchestrator.go:76.2,76.19 1 0
github.com/tommed/ducto-orchestrator/internal/orchestrator/orchestrator.go:76.19,79.3 1 0
github.com/tommed/ducto-orchestrator/internal/orchestrator/orchestrator.go:82.2,82.56 1 0
github.com/tommed/ducto-orchestrator/internal/orchestrator/orchestrator.go:82.56,84.3 1 0
github.com/tommed/ducto-orchestrator/internal/orchestrator/orchestrator.go:86.2,86.12 1 0
github.com/tommed/ducto-orchestrator/internal/orchestrator/pre_flaginjector.go:10.104,12.16 2 0
github.com/tommed/ducto-orchestrator/internal/orchestrator/pre_flaginjector.go:12.16,14.3 1 0
github.com/tommed/ducto-orchestrator/internal/orchestrator/pre_flaginjector.go:16.2,17.9 2 0
github.com/tommed/ducto-orchestrator/internal/orchestrator/pre_flaginjector.go:20.28,22.17 2 0
github.com/tommed/ducto-orchestrator/internal/orchestrator/pre_flaginjector.go:22.17,24.4 1 0
github.com/tommed/ducto-orchestrator/internal/orchestrator/pre_flaginjector.go:25.3,26.17 2 0
github.com/tommed/ducto-orchestrator/internal/orchestrator/pre_flaginjector.go:26.17,28.4 1 0
github.com/tommed/ducto-orchestrator/internal/orchestrator/pre_flaginjector.go:29.3,29.25 1 0
github.com/tommed/ducto-orchestrator/internal/orchestrator/pre_flaginjector.go:32.25,33.39 1 0
github.com/tommed/ducto-orchestrator/internal/orchestrator/pre_flaginjector.go:36.10,37.95 1 0
github.com/tommed/ducto-orchestrator/internal/orchestrator/pre_flaginjector.go:40.2,40.47 1 0
github.com/tommed/ducto-orchestrator/internal/orchestrator/preprocessor.go:14.118,15.38 1 0
github.com/tommed/ducto-orchestrator/internal/orchestrator/preprocessor.go:15.38,16.21 1 0
github.com/tommed/ducto-orchestrator/internal/orchestrator/preprocessor.go:17.24,19.18 2 0
github.com/tommed/ducto-orchestrator/internal/orchestrator/preprocessor.go:19.18,21.5 1 0
github.com/tommed/ducto-orchestrator/internal/orchestrator/preprocessor.go:22.4,22.24 1 0
github.com/tommed/ducto-orchestrator/internal/orchestrator/preprocessor.go:23.11,24.66 1 0
github.com/tommed/ducto-orchestrator/internal/orchestrator/preprocessor.go:27.2,27.12 1 0
github.com/tommed/ducto-orchestrator/internal/outputs/http.go:28.43,29.20 1 0
github.com/tommed/ducto-orchestrator/internal/outputs/http.go:29.20,31.3 1 0
github.com/tommed/ducto-orchestrator/internal/outputs/http.go:32.2,32.23 1 0
github.com/tommed/ducto-orchestrator/internal/outputs/http.go:32.23,34.3 1 0
github.com/tommed/ducto-orchestrator/internal/outputs/http.go:35.2,35.28 1 0
github.com/tommed/ducto-orchestrator/internal/outputs/http.go:35.28,37.3 1 0
github.com/tommed/ducto-orchestrator/internal/outputs/http.go:38.2,38.12 1 0
github.com/tommed/ducto-orchestrator/internal/outputs/http.go:46.51,50.2 1 0
github.com/tommed/ducto-orchestrator/internal/outputs/http.go:53.82,58.2 1 0
github.com/tommed/ducto-orchestrator/internal/outputs/http.go:61.91,63.16 2 0
github.com/tommed/ducto-orchestrator/internal/outputs/http.go:63.16,65.3 1 0
github.com/tommed/ducto-orchestrator/internal/outputs/http.go:68.2,69.16 2 0
github.com/tommed/ducto-orchestrator/internal/outputs/http.go:69.16,71.3 1 0
github.com/tommed/ducto-orchestrator/internal/outputs/http.go:74.2,74.35 1 0
github.com/tommed/ducto-orchestrator/internal/outputs/http.go:74.35,76.3 1 0
github.com/tommed/ducto-orchestrator/internal/outputs/http.go:79.2,80.27 2 0
github.com/tommed/ducto-orchestrator/internal/outputs/http.go:80.27,82.3 1 0
github.com/tommed/ducto-orchestrator/internal/outputs/http.go:83.2,83.17 1 0
github.com/tommed/ducto-orchestrator/internal/outputs/http.go:83.17,85.22 2 0
github.com/tommed/ducto-orchestrator/internal/outputs/http.go:85.22,87.4 1 0
github.com/tommed/ducto-orchestrator/internal/outputs/http.go:88.3,88.74 1 0
github.com/tommed/ducto-orchestrator/internal/outputs/http.go:92.2,96.16 3 0
github.com/tommed/ducto-orchestrator/internal/outputs/http.go:96.16,98.3 1 0
github.com/tommed/ducto-orchestrator/internal/outputs/http.go:101.2,104.79 2 0
github.com/tommed/ducto-orchestrator/internal/outputs/http.go:104.79,106.3 1 0
github.com/tommed/ducto-orchestrator/internal/outputs/http.go:108.2,108.12 1 0
github.com/tommed/ducto-orchestrator/internal/outputs/plugin.go:11.104,12.20 1 0
github.com/tommed/ducto-orchestrator/internal/outputs/plugin.go:13.16,15.17 2 0
github.com/tommed/ducto-orchestrator/internal/outputs/plugin.go:15.17,17.4 1 0
github.com/tommed/ducto-orchestrator/internal/outputs/plugin.go:18.3,18.45 1 0
github.com/tommed/ducto-orchestrator/internal/outputs/plugin.go:20.14,22.17 2 0
github.com/tommed/ducto-orchestrator/internal/outputs/plugin.go:22.17,24.4 1 0
github.com/tommed/ducto-orchestrator/internal/outputs/plugin.go:25.3,25.35 1 0
github.com/tommed/ducto-orchestrator/internal/outputs/plugin.go:27.16,29.17 2 0
github.com/tommed/ducto-orchestrator/internal/outputs/plugin.go:29.17,31.4 1 0
github.com/tommed/ducto-orchestrator/internal/outputs/plugin.go:32.3,32.37 1 0
github.com/tommed/ducto-orchestrator/internal/outputs/plugin.go:34.10,35.68 1 0
github.com/tommed/ducto-orchestrator/internal/outputs/pubsub.go:21.42,22.19 1 0
github.com/tommed/ducto-orchestrator/internal/outputs/pubsub.go:22.19,24.3 1 0
github.com/tommed/ducto-orchestrator/internal/outputs/pubsub.go:25.2,25.20 1 0
github.com/tommed/ducto-orchestrator/internal/outputs/pubsub.go:25.20,27.3 1 0
github.com/tommed/ducto-orchestrator/internal/outputs/pubsub.go:28.2,28.19 1 0
github.com/tommed/ducto-orchestrator/internal/outputs/pubsub.go:28.19,30.3 1 0
github.com/tommed/ducto-orchestrator/internal/outputs/pubsub.go:31.2,31.31 1 0
github.com/tommed/ducto-orchestrator/internal/outputs/pubsub.go:31.31,33.3 1 0
github.com/tommed/ducto-orchestrator/internal/outputs/pubsub.go:34.2,34.50 1 0
github.com/tommed/ducto-orchestrator/internal/outputs/pubsub.go:34.50,36.3 1 0
github.com/tommed/ducto-orchestrator/internal/outputs/pubsub.go:37.2,38.70 2 0
github.com/tommed/ducto-orchestrator/internal/outputs/pubsub.go:38.70,40.3 1 0
github.com/tommed/ducto-orchestrator/internal/outputs/pubsub.go:41.2,41.12 1 0
github.com/tommed/ducto-orchestrator/internal/outputs/pubsub.go:44.85,49.16 5 0
github.com/tommed/ducto-orchestrator/internal/outputs/pubsub.go:49.16,51.3 1 0
github.com/tommed/ducto-orchestrator/internal/outputs/pubsub.go:53.2,56.23 3 0
github.com/tommed/ducto-orchestrator/internal/outputs/pubsub.go:56.23,58.3 1 0
github.com/tommed/ducto-orchestrator/internal/outputs/pubsub.go:60.2,64.8 1 0
github.com/tommed/ducto-orchestrator/internal/outputs/pubsub.go:74.98,79.16 4 0
github.com/tommed/ducto-orchestrator/internal/outputs/pubsub.go:79.16,81.3 1 0
github.com/tommed/ducto-orchestrator/internal/outputs/pubsub.go:83.2,88.40 2 0
github.com/tommed/ducto-orchestrator/internal/outputs/pubsub.go:88.40,90.53 2 0
github.com/tommed/ducto-orchestrator/internal/outputs/pubsub.go:90.53,91.35 1 0
github.com/tommed/ducto-orchestrator/internal/outputs/pubsub.go:91.35,93.5 1 0
github.com/tommed/ducto-orchestrator/internal/outputs/pubsub.go:98.2,98.35 1 0
github.com/tommed/ducto-orchestrator/internal/outputs/pubsub.go:98.35,99.52 1 0
github.com/tommed/ducto-orchestrator/internal/outputs/pubsub.go:99.52,101.4 1 0
github.com/tommed/ducto-orchestrator/internal/outputs/pubsub.go:105.2,107.12 3 0
github.com/tommed/ducto-orchestrator/internal/outputs/stdout.go:18.73,20.2 1 0
github.com/tommed/ducto-orchestrator/internal/outputs/stdout.go:22.90,24.19 2 0
github.com/tommed/ducto-orchestrator/internal/outputs/stdout.go:24.19,26.3 1 0
github.com/tommed/ducto-orchestrator/internal/outputs/stdout.go:27.2,27.29 1 0
github.com/tommed/ducto-orchestrator/internal/sources/http.go:18.43,19.17 1 2
github.com/tommed/ducto-orchestrator/internal/sources/http.go:19.17,21.17 2 1
github.com/tommed/ducto-orchestrator/internal/sources/http.go:21.17,23.4 1 1
github.com/tommed/ducto-orchestrator/internal/sources/http.go:24.3,24.46 1 1
github.com/tommed/ducto-orchestrator/internal/sources/http.go:26.2,26.21 1 2
github.com/tommed/ducto-orchestrator/internal/sources/http.go:26.21,28.3 1 1
github.com/tommed/ducto-orchestrator/internal/sources/http.go:29.2,29.12 1 1
github.com/tommed/ducto-orchestrator/internal/sources/http.go:39.55,45.2 1 1
github.com/tommed/ducto-orchestrator/internal/sources/http.go:47.93,51.67 2 1
github.com/tommed/ducto-orchestrator/internal/sources/http.go:51.67,56.64 3 1
github.com/tommed/ducto-orchestrator/internal/sources/http.go:56.64,59.4 2 0
github.com/tommed/ducto-orchestrator/internal/sources/http.go:61.3,61.28 1 1
github.com/tommed/ducto-orchestrator/internal/sources/http.go:61.28,69.4 1 1
github.com/tommed/ducto-orchestrator/internal/sources/http.go:71.3,71.10 1 1
github.com/tommed/ducto-orchestrator/internal/sources/http.go:72.26,74.9 2 1
github.com/tommed/ducto-orchestrator/internal/sources/http.go:75.11,76.68 1 0
github.com/tommed/ducto-orchestrator/internal/sources/http.go:81.2,85.12 2 1
github.com/tommed/ducto-orchestrator/internal/sources/http.go:85.12,88.3 2 1
github.com/tommed/ducto-orchestrator/internal/sources/http.go:90.2,90.12 1 1
github.com/tommed/ducto-orchestrator/internal/sources/http.go:90.12,92.3 1 1
github.com/tommed/ducto-orchestrator/internal/sources/http.go:94.2,94.12 1 1
github.com/tommed/ducto-orchestrator/internal/sources/http.go:94.12,98.3 3 1
github.com/tommed/ducto-orchestrator/internal/sources/http.go:100.2,100.22 1 1
github.com/tommed/ducto-orchestrator/internal/sources/http.go:103.41,105.2 1 0
github.com/tommed/ducto-orchestrator/internal/sources/input.go:19.59,25.2 2 1
github.com/tommed/ducto-orchestrator/internal/sources/input.go:27.76,29.2 1 1
github.com/tommed/ducto-orchestrator/internal/sources/input.go:31.93,32.29 1 1
github.com/tommed/ducto-orchestrator/internal/sources/input.go:32.29,34.3 1 1
github.com/tommed/ducto-orchestrator/internal/sources/input.go:35.2,36.22 2 1
github.com/tommed/ducto-orchestrator/internal/sources/input.go:39.43,41.2 1 0
github.com/tommed/ducto-orchestrator/internal/sources/input.go:47.49,49.2 1 0
github.com/tommed/ducto-orchestrator/internal/sources/input.go:51.94,53.2 1 0
github.com/tommed/ducto-orchestrator/internal/sources/input.go:55.42,57.2 1 0
github.com/tommed/ducto-orchestrator/internal/sources/plugin.go:11.100,12.20 1 0
github.com/tommed/ducto-orchestrator/internal/sources/plugin.go:13.15,14.41 1 0
github.com/tommed/ducto-orchestrator/internal/sources/plugin.go:16.16,18.17 2 0
github.com/tommed/ducto-orchestrator/internal/sources/plugin.go:18.17,20.4 1 0
github.com/tommed/ducto-orchestrator/internal/sources/plugin.go:21.3,21.42 1 0
github.com/tommed/ducto-orchestrator/internal/sources/plugin.go:23.14,25.17 2 0
github.com/tommed/ducto-orchestrator/internal/sources/plugin.go:25.17,27.4 1 0
github.com/tommed/ducto-orchestrator/internal/sources/plugin.go:28.3,28.40 1 0
github.com/tommed/ducto-orchestrator/internal/sources/plugin.go:30.10,31.68 1 0
github.com/tommed/ducto-orchestrator/internal/sources/stdin.go:14.55,18.2 1 3
github.com/tommed/ducto-orchestrator/internal/sources/stdin.go:21.94,25.47 3 2
github.com/tommed/ducto-orchestrator/internal/sources/stdin.go:25.47,27.3 1 1
github.com/tommed/ducto-orchestrator/internal/sources/stdin.go:30.2,30.50 1 1
github.com/tommed/ducto-orchestrator/internal/sources/stdin.go:33.42,34.39 1 3
github.com/tommed/ducto-orchestrator/internal/sources/stdin.go:34.39,36.3 1 1
github.com/tommed/ducto-orchestrator/internal/sources/stdin.go:37.2,37.12 1 2
